\BOOKMARK [0][-]{chapter.1}{\376\377\000I\000n\000t\000r\000o\000d\000u\000c\000t\000i\000o\000n}{}% 1
\BOOKMARK [1][-]{section.1.1}{\376\377\000T\000h\000e\000\040\000S\000u\000n}{chapter.1}% 2
\BOOKMARK [2][-]{subsection.1.1.1}{\376\377\000S\000u\000n\000s\000p\000o\000t\000s}{section.1.1}% 3
\BOOKMARK [2][-]{subsection.1.1.2}{\376\377\000S\000o\000l\000a\000r\000\040\000f\000l\000a\000r\000e\000s}{section.1.1}% 4
\BOOKMARK [2][-]{subsection.1.1.3}{\376\377\000C\000o\000r\000o\000n\000a\000l\000\040\000m\000a\000s\000s\000\040\000e\000j\000e\000c\000t\000i\000o\000n\000s}{section.1.1}% 5
\BOOKMARK [1][-]{section.1.2}{\376\377\000W\000h\000y\000\040\000b\000o\000t\000h\000e\000r\000\040\000a\000b\000o\000u\000t\000\040\000s\000t\000e\000l\000l\000a\000r\000\040\000a\000t\000m\000o\000s\000p\000h\000e\000r\000e\000\040\000i\000n\000v\000e\000r\000s\000i\000o\000n\000s\000?}{chapter.1}% 6
\BOOKMARK [0][-]{chapter.2}{\376\377\000S\000o\000l\000a\000r\000\040\000p\000h\000y\000s\000i\000c\000s}{}% 7
\BOOKMARK [1][-]{section.2.1}{\376\377\000R\000a\000d\000i\000a\000t\000i\000v\000e\000\040\000t\000r\000a\000n\000s\000f\000e\000r}{chapter.2}% 8
\BOOKMARK [2][-]{subsection.2.1.1}{\376\377\000Q\000u\000a\000n\000t\000i\000t\000i\000e\000s\000\040\000i\000n\000\040\000r\000a\000d\000i\000a\000t\000i\000v\000e\000\040\000t\000r\000a\000n\000s\000f\000e\000r}{section.2.1}% 9
\BOOKMARK [2][-]{subsection.2.1.2}{\376\377\000T\000h\000e\000r\000m\000a\000l\000\040\000a\000n\000d\000\040\000t\000h\000e\000r\000m\000o\000d\000y\000n\000a\000m\000i\000c\000\040\000e\000q\000u\000i\000l\000i\000b\000r\000i\000u\000m}{section.2.1}% 10
\BOOKMARK [2][-]{subsection.2.1.3}{\376\377\000P\000l\000a\000n\000c\000k\000'\000s\000\040\000l\000a\000w}{section.2.1}% 11
\BOOKMARK [2][-]{subsection.2.1.4}{\376\377\000B\000l\000a\000c\000k\000b\000o\000d\000i\000e\000s\000\040\000a\000n\000d\000\040\000K\000i\000r\000c\000h\000h\000o\000f\000f\000'\000s\000\040\000l\000a\000w}{section.2.1}% 12
\BOOKMARK [2][-]{subsection.2.1.5}{\376\377\000R\000a\000y\000l\000e\000i\000g\000h\000-\000J\000e\000a\000n\000s\000\040\000a\000n\000d\000\040\000W\000i\000e\000n\000\040\000a\000p\000p\000r\000o\000x\000i\000m\000a\000t\000i\000o\000n\000s}{section.2.1}% 13
\BOOKMARK [2][-]{subsection.2.1.6}{\376\377\000S\000t\000e\000f\000a\000n\000-\000B\000o\000l\000t\000z\000m\000a\000n\000n\000\040\000l\000a\000w}{section.2.1}% 14
\BOOKMARK [2][-]{subsection.2.1.7}{\376\377\000R\000a\000d\000i\000a\000t\000i\000v\000e\000\040\000t\000r\000a\000n\000s\000f\000e\000r\000\040\000e\000q\000u\000a\000t\000i\000o\000n}{section.2.1}% 15
\BOOKMARK [2][-]{subsection.2.1.8}{\376\377\000S\000o\000l\000u\000t\000i\000o\000n\000s\000\040\000f\000o\000r\000\040\000a\000\040\000h\000o\000m\000o\000g\000e\000n\000e\000o\000u\000s\000\040\000m\000e\000d\000i\000u\000m}{section.2.1}% 16
\BOOKMARK [2][-]{subsection.2.1.9}{\376\377\000T\000h\000e\000\040\000E\000d\000d\000i\000n\000g\000t\000o\000n\000-\000B\000a\000r\000b\000i\000e\000r\000\040\000a\000p\000p\000r\000o\000x\000i\000m\000a\000t\000i\000o\000n}{section.2.1}% 17
\BOOKMARK [1][-]{section.2.2}{\376\377\000S\000p\000e\000c\000t\000r\000a\000l\000\040\000l\000i\000n\000e\000\040\000f\000o\000r\000m\000a\000t\000i\000o\000n}{chapter.2}% 18
\BOOKMARK [1][-]{section.2.3}{\376\377\000P\000o\000l\000a\000r\000i\000m\000e\000t\000r\000y}{chapter.2}% 19
\BOOKMARK [2][-]{subsection.2.3.1}{\376\377\000Z\000e\000e\000m\000a\000n\000\040\000e\000f\000f\000e\000c\000t}{section.2.3}% 20
\BOOKMARK [2][-]{subsection.2.3.2}{\376\377\000T\000h\000e\000\040\000S\000t\000o\000k\000e\000s\000\040\000p\000a\000r\000a\000m\000e\000t\000e\000r\000s\000\040\000a\000n\000d\000\040\000S\000t\000o\000k\000e\000s\000\040\000v\000e\000c\000t\000o\000r}{section.2.3}% 21
\BOOKMARK [2][-]{subsection.2.3.3}{\376\377\000T\000h\000e\000\040\000g\000e\000n\000e\000r\000a\000l\000i\000z\000e\000d\000\040\000r\000a\000d\000i\000a\000t\000i\000v\000e\000\040\000t\000r\000a\000n\000s\000f\000e\000r\000\040\000e\000q\000u\000a\000t\000i\000o\000n}{section.2.3}% 22
\BOOKMARK [2][-]{subsection.2.3.4}{\376\377\000A\000b\000s\000o\000r\000p\000t\000i\000o\000n\000,\000\040\000e\000m\000i\000s\000s\000i\000o\000n\000\040\000a\000n\000d\000\040\000d\000i\000s\000p\000e\000r\000s\000i\000o\000n\000\040\000p\000r\000o\000f\000i\000l\000e\000\040\000f\000u\000n\000c\000t\000i\000o\000n\000s}{section.2.3}% 23
\BOOKMARK [2][-]{subsection.2.3.5}{\376\377\000T\000h\000e\000\040\000p\000r\000o\000p\000a\000g\000a\000t\000i\000o\000n\000\040\000m\000a\000t\000r\000i\000x}{section.2.3}% 24
\BOOKMARK [2][-]{subsection.2.3.6}{\376\377\000T\000h\000e\000\040\000M\000i\000l\000n\000e\000-\000E\000d\000d\000i\000n\000g\000t\000o\000n\000\040\000a\000p\000p\000r\000o\000x\000i\000m\000a\000t\000i\000o\000n}{section.2.3}% 25
\BOOKMARK [1][-]{section.2.4}{\376\377\000S\000t\000e\000l\000l\000a\000r\000\040\000a\000t\000m\000o\000s\000p\000h\000e\000r\000e\000\040\000m\000o\000d\000e\000l\000s}{chapter.2}% 26
\BOOKMARK [2][-]{subsection.2.4.1}{\376\377\000S\000t\000e\000l\000l\000a\000r\000\040\000a\000t\000m\000o\000s\000p\000h\000e\000r\000e\000\040\000i\000n\000v\000e\000r\000s\000i\000o\000n\000s}{section.2.4}% 27
\BOOKMARK [2][-]{subsection.2.4.2}{\376\377\000S\000o\000l\000v\000i\000n\000g\000\040\000a\000\040\000s\000t\000e\000l\000l\000a\000r\000\040\000a\000t\000m\000o\000s\000p\000h\000e\000r\000e\000\040\000i\000n\000v\000e\000r\000s\000i\000o\000n\000\040\000p\000r\000o\000b\000l\000e\000m}{section.2.4}% 28
\BOOKMARK [2][-]{subsection.2.4.3}{\376\377\000C\000a\000l\000c\000u\000l\000a\000t\000i\000o\000n\000\040\000o\000f\000\040\000s\000y\000n\000t\000h\000e\000s\000i\000z\000e\000d\000\040\000d\000a\000t\000a\000s\000e\000t\000s\000\040\000u\000s\000i\000n\000g\000\040\000a\000\040\000s\000t\000e\000l\000l\000a\000r\000\040\000a\000t\000m\000o\000s\000p\000h\000e\000r\000e\000\040\000m\000o\000d\000e\000l}{section.2.4}% 29
\BOOKMARK [0][-]{chapter.3}{\376\377\000A\000r\000t\000i\000f\000i\000c\000i\000a\000l\000\040\000i\000n\000t\000e\000l\000l\000i\000g\000e\000n\000c\000e}{}% 30
\BOOKMARK [1][-]{section.3.1}{\376\377\000I\000n\000f\000o\000r\000m\000a\000t\000i\000o\000n\000\040\000t\000h\000e\000o\000r\000y}{chapter.3}% 31
\BOOKMARK [2][-]{subsection.3.1.1}{\376\377\000S\000e\000l\000f\000-\000i\000n\000f\000o\000r\000m\000a\000t\000i\000o\000n}{section.3.1}% 32
\BOOKMARK [2][-]{subsection.3.1.2}{\376\377\000I\000n\000f\000o\000r\000m\000a\000t\000i\000o\000n\000\040\000e\000n\000t\000r\000o\000p\000y}{section.3.1}% 33
\BOOKMARK [1][-]{section.3.2}{\376\377\000O\000v\000e\000r\000v\000i\000e\000w\000\040\000o\000f\000\040\000a\000r\000t\000i\000f\000i\000c\000i\000a\000l\000\040\000i\000n\000t\000e\000l\000l\000i\000g\000e\000n\000c\000e}{chapter.3}% 34
\BOOKMARK [1][-]{section.3.3}{\376\377\000N\000e\000u\000r\000a\000l\000\040\000n\000e\000t\000w\000o\000r\000k\000s}{chapter.3}% 35
\BOOKMARK [2][-]{subsection.3.3.1}{\376\377\000S\000i\000n\000g\000l\000e\000\040\000l\000a\000y\000e\000r\000\040\000p\000e\000r\000c\000e\000p\000t\000r\000o\000n}{section.3.3}% 36
\BOOKMARK [2][-]{subsection.3.3.2}{\376\377\000M\000u\000l\000t\000i\000\040\000l\000a\000y\000e\000r\000\040\000p\000e\000r\000c\000e\000p\000t\000r\000o\000n}{section.3.3}% 37
\BOOKMARK [2][-]{subsection.3.3.3}{\376\377\000T\000r\000a\000i\000n\000i\000n\000g\000\040\000p\000r\000o\000c\000e\000s\000s\000\040\000f\000o\000r\000\040\000n\000e\000u\000r\000a\000l\000\040\000n\000e\000t\000w\000o\000r\000k\000s}{section.3.3}% 38
\BOOKMARK [2][-]{subsection.3.3.4}{\376\377\000L\000e\000a\000r\000n\000i\000n\000g\000\040\000c\000u\000r\000v\000e\000s}{section.3.3}% 39
\BOOKMARK [1][-]{section.3.4}{\376\377\000D\000e\000e\000p\000\040\000g\000e\000n\000e\000r\000a\000t\000i\000v\000e\000\040\000m\000o\000d\000e\000l\000s}{chapter.3}% 40
\BOOKMARK [2][-]{subsection.3.4.1}{\376\377\000V\000A\000E\000'\000s}{section.3.4}% 41
\BOOKMARK [2][-]{subsection.3.4.2}{\376\377\000G\000A\000N\000'\000s}{section.3.4}% 42
\BOOKMARK [2][-]{subsection.3.4.3}{\376\377\000F\000l\000o\000w\000s}{section.3.4}% 43
\BOOKMARK [1][-]{section.3.5}{\376\377\000I\000n\000t\000r\000o\000d\000u\000c\000t\000i\000o\000n\000\040\000t\000o\000\040\000n\000o\000r\000m\000a\000l\000i\000z\000i\000n\000g\000\040\000f\000l\000o\000w\000s}{chapter.3}% 44
\BOOKMARK [2][-]{subsection.3.5.1}{\376\377\000W\000h\000y\000\040\000u\000s\000e\000\040\000n\000o\000r\000m\000a\000l\000i\000z\000i\000n\000g\000\040\000f\000l\000o\000w\000s\000\040\000f\000o\000r\000\040\000i\000n\000v\000e\000r\000s\000i\000o\000n\000s\000?}{section.3.5}% 45
\BOOKMARK [1][-]{section.3.6}{\376\377\000C\000h\000a\000n\000g\000e\000\040\000o\000f\000\040\000v\000a\000r\000i\000a\000b\000l\000e\000\040\000f\000o\000r\000m\000u\000l\000a\000\040\000i\000n\000\040\000p\000r\000o\000b\000a\000b\000i\000l\000i\000t\000y\000\040\000t\000h\000e\000o\000r\000y}{chapter.3}% 46
\BOOKMARK [1][-]{section.3.7}{\376\377\000G\000e\000n\000e\000r\000a\000l\000\040\000p\000r\000i\000n\000c\000i\000p\000l\000e\000\040\000o\000f\000\040\000a\000\040\000n\000o\000r\000m\000a\000l\000i\000z\000i\000n\000g\000\040\000f\000l\000o\000w}{chapter.3}% 47
\BOOKMARK [2][-]{subsection.3.7.1}{\376\377\000C\000o\000n\000c\000e\000p\000t\000u\000a\000l\000\040\000f\000o\000r\000m\000u\000l\000a\000t\000i\000o\000n\000\040\000o\000f\000\040\000a\000\040\000n\000o\000r\000m\000a\000l\000i\000z\000i\000n\000g\000\040\000f\000l\000o\000w}{section.3.7}% 48
\BOOKMARK [2][-]{subsection.3.7.2}{\376\377\000R\000e\000q\000u\000i\000r\000e\000m\000e\000n\000t\000s\000\040\000f\000o\000r\000\040\000a\000\040\000n\000o\000r\000m\000a\000l\000i\000z\000i\000n\000g\000\040\000f\000l\000o\000w}{section.3.7}% 49
\BOOKMARK [2][-]{subsection.3.7.3}{\376\377\000N\000o\000r\000m\000a\000l\000i\000z\000i\000n\000g\000\040\000f\000l\000o\000w\000s\000\040\000w\000i\000t\000h\000\040\000c\000o\000n\000d\000i\000t\000i\000o\000n\000i\000n\000g\000\040\000d\000a\000t\000a}{section.3.7}% 50
\BOOKMARK [2][-]{subsection.3.7.4}{\376\377\000C\000o\000u\000p\000l\000i\000n\000g\000\040\000l\000a\000y\000e\000r\000\040\000n\000o\000r\000m\000a\000l\000i\000z\000i\000n\000g\000\040\000f\000l\000o\000w\000s}{section.3.7}% 51
\BOOKMARK [1][-]{section.3.8}{\376\377\000A\000f\000f\000i\000n\000e\000\040\000c\000o\000u\000p\000l\000i\000n\000g\000\040\000l\000a\000y\000e\000r\000\040\000n\000o\000r\000m\000a\000l\000i\000z\000i\000n\000g\000\040\000f\000l\000o\000w}{chapter.3}% 52
\BOOKMARK [2][-]{subsection.3.8.1}{\376\377\000C\000o\000n\000s\000t\000r\000u\000c\000t\000i\000o\000n\000\040\000o\000f\000\040\000a\000n\000\040\000a\000f\000f\000i\000n\000e\000\040\000c\000o\000u\000p\000l\000i\000n\000g\000\040\000l\000a\000y\000e\000r\000\040\000n\000o\000r\000m\000a\000l\000i\000z\000i\000n\000g\000\040\000f\000l\000o\000w}{section.3.8}% 53
\BOOKMARK [2][-]{subsection.3.8.2}{\376\377\000T\000r\000a\000i\000n\000i\000n\000g\000\040\000p\000r\000o\000c\000e\000s\000s\000\040\000f\000o\000r\000\040\000a\000f\000f\000i\000n\000e\000\040\000c\000o\000u\000p\000l\000i\000n\000g\000\040\000l\000a\000y\000e\000r\000\040\000n\000o\000r\000m\000a\000l\000i\000z\000i\000n\000g\000\040\000f\000l\000o\000w\000s}{section.3.8}% 54
\BOOKMARK [1][-]{section.3.9}{\376\377\000P\000i\000e\000c\000e\000w\000i\000s\000e\000\040\000r\000a\000t\000i\000o\000n\000a\000l\000\040\000q\000u\000a\000d\000r\000a\000t\000i\000c\000\040\000s\000p\000l\000i\000n\000e\000\040\000n\000o\000r\000m\000a\000l\000i\000z\000i\000n\000g\000\040\000f\000l\000o\000w}{chapter.3}% 55
\BOOKMARK [2][-]{subsection.3.9.1}{\376\377\000C\000o\000n\000s\000t\000r\000u\000c\000t\000i\000o\000n\000\040\000o\000f\000\040\000a\000\040\000p\000i\000e\000c\000e\000w\000i\000s\000e\000\040\000r\000a\000t\000i\000o\000n\000a\000l\000\040\000q\000u\000a\000d\000r\000a\000t\000i\000c\000\040\000s\000p\000l\000i\000n\000e\000\040\000n\000o\000r\000m\000a\000l\000i\000z\000i\000n\000g\000\040\000f\000l\000o\000w}{section.3.9}% 56
\BOOKMARK [2][-]{subsection.3.9.2}{\376\377\000T\000r\000a\000i\000n\000i\000n\000g\000\040\000p\000r\000o\000c\000e\000s\000s\000\040\000f\000o\000r\000\040\000p\000i\000e\000c\000e\000w\000i\000s\000e\000\040\000r\000a\000t\000i\000o\000n\000a\000l\000\040\000q\000u\000a\000d\000r\000a\000t\000i\000c\000\040\000s\000p\000l\000i\000n\000e\000\040\000n\000o\000r\000m\000a\000l\000i\000z\000i\000n\000g\000\040\000f\000l\000o\000w\000s}{section.3.9}% 57
\BOOKMARK [0][-]{chapter.4}{\376\377\000P\000r\000o\000o\000f\000\040\000o\000f\000\040\000c\000o\000n\000c\000e\000p\000t\000:\000\040\000A\000f\000f\000i\000n\000e\000\040\000c\000o\000u\000p\000l\000i\000n\000g\000\040\000l\000a\000y\000e\000r\000\040\000n\000o\000r\000m\000a\000l\000i\000z\000i\000n\000g\000\040\000f\000l\000o\000w\000s}{}% 58
\BOOKMARK [1][-]{section.4.1}{\376\377\000M\000o\000o\000n\000s}{chapter.4}% 59
\BOOKMARK [2][-]{subsection.4.1.1}{\376\377\000C\000o\000n\000c\000e\000p\000t\000u\000a\000l\000\040\000f\000o\000r\000m\000u\000l\000a\000t\000i\000o\000n}{section.4.1}% 60
\BOOKMARK [2][-]{subsection.4.1.2}{\376\377\000R\000e\000s\000u\000l\000t\000s\000\040\000a\000n\000d\000\040\000d\000i\000s\000c\000u\000s\000s\000i\000o\000n}{section.4.1}% 61
\BOOKMARK [1][-]{section.4.2}{\376\377\000L\000i\000n\000e\000a\000r\000\040\000r\000e\000g\000r\000e\000s\000s\000i\000o\000n}{chapter.4}% 62
\BOOKMARK [2][-]{subsection.4.2.1}{\376\377\000C\000o\000n\000c\000e\000p\000t\000u\000a\000l\000\040\000f\000o\000r\000m\000u\000l\000a\000t\000i\000o\000n}{section.4.2}% 63
\BOOKMARK [2][-]{subsection.4.2.2}{\376\377\000R\000e\000s\000u\000l\000t\000s\000\040\000a\000n\000d\000\040\000d\000i\000s\000c\000u\000s\000s\000i\000o\000n}{section.4.2}% 64
\BOOKMARK [1][-]{section.4.3}{\376\377\000F\000e\000a\000t\000u\000r\000e\000\040\000e\000x\000t\000r\000a\000c\000t\000i\000o\000n}{chapter.4}% 65
\BOOKMARK [2][-]{subsection.4.3.1}{\376\377\000C\000o\000n\000c\000e\000p\000t\000u\000a\000l\000\040\000f\000o\000r\000m\000u\000l\000a\000t\000i\000o\000n}{section.4.3}% 66
\BOOKMARK [2][-]{subsection.4.3.2}{\376\377\000R\000e\000s\000u\000l\000t\000s\000\040\000a\000n\000d\000\040\000d\000i\000s\000c\000u\000s\000s\000i\000o\000n\000:\000\040\000T\000e\000s\000t\000\040\0001}{section.4.3}% 67
\BOOKMARK [2][-]{subsection.4.3.3}{\376\377\000R\000e\000s\000u\000l\000t\000s\000\040\000a\000n\000d\000\040\000d\000i\000s\000c\000u\000s\000s\000i\000o\000n\000:\000\040\000T\000e\000s\000t\000\040\0002}{section.4.3}% 68
\BOOKMARK [2][-]{subsection.4.3.4}{\376\377\000R\000e\000s\000u\000l\000t\000s\000\040\000a\000n\000d\000\040\000d\000i\000s\000c\000u\000s\000s\000i\000o\000n\000:\000\040\000T\000e\000s\000t\000\040\0003}{section.4.3}% 69
\BOOKMARK [0][-]{chapter.5}{\376\377\000R\000e\000s\000u\000l\000t\000s}{}% 70
\BOOKMARK [1][-]{section.5.1}{\376\377\000E\000x\000p\000e\000r\000i\000m\000e\000n\000t\000\040\0001\000:\000\040\000T\000r\000a\000i\000n\000i\000n\000g\000\040\000o\000n\000\040\000s\000y\000n\000t\000h\000e\000t\000i\000c\000\040\000d\000a\000t\000a}{chapter.5}% 71
\BOOKMARK [2][-]{subsection.5.1.1}{\376\377\000E\000x\000p\000l\000a\000n\000a\000t\000i\000o\000n\000\040\000o\000f\000\040\000t\000h\000e\000\040\000e\000x\000p\000e\000r\000i\000m\000e\000n\000t}{section.5.1}% 72
\BOOKMARK [2][-]{subsection.5.1.2}{\376\377\000R\000e\000s\000u\000l\000t\000s\000\040\000o\000f\000\040\000t\000h\000e\000\040\000e\000x\000p\000e\000r\000i\000m\000e\000n\000t}{section.5.1}% 73
\BOOKMARK [1][-]{section.5.2}{\376\377\000E\000x\000p\000e\000r\000i\000m\000e\000n\000t\000\040\0002\000:\000\040\000S\000i\000n\000g\000l\000e\000\040\000m\000a\000p\000\040\000a\000n\000a\000l\000y\000s\000i\000s}{chapter.5}% 74
\BOOKMARK [2][-]{subsection.5.2.1}{\376\377\000E\000x\000p\000l\000a\000n\000a\000t\000i\000o\000n\000\040\000o\000f\000\040\000t\000h\000e\000\040\000e\000x\000p\000e\000r\000i\000m\000e\000n\000t}{section.5.2}% 75
\BOOKMARK [2][-]{subsection.5.2.2}{\376\377\000R\000e\000s\000u\000l\000t\000s\000\040\000o\000f\000\040\000t\000h\000e\000\040\000e\000x\000p\000e\000r\000i\000m\000e\000n\000t}{section.5.2}% 76
\BOOKMARK [1][-]{section.5.3}{\376\377\000E\000x\000p\000e\000r\000i\000m\000e\000n\000t\000\040\0003\000:\000\040\000M\000u\000l\000t\000i\000p\000l\000e\000\040\000m\000a\000p\000s\000\040\000a\000n\000a\000l\000y\000s\000i\000s}{chapter.5}% 77
\BOOKMARK [2][-]{subsection.5.3.1}{\376\377\000E\000x\000p\000l\000a\000n\000a\000t\000i\000o\000n\000\040\000o\000f\000\040\000t\000h\000e\000\040\000e\000x\000p\000e\000r\000i\000m\000e\000n\000t}{section.5.3}% 78
\BOOKMARK [2][-]{subsection.5.3.2}{\376\377\000R\000e\000s\000u\000l\000t\000s\000\040\000o\000f\000\040\000t\000h\000e\000\040\000e\000x\000p\000e\000r\000i\000m\000e\000n\000t}{section.5.3}% 79
\BOOKMARK [1][-]{section.5.4}{\376\377\000E\000x\000p\000e\000r\000i\000m\000e\000n\000t\000\040\0004\000:\000\040\000M\000u\000l\000t\000i\000p\000l\000e\000\040\000m\000a\000p\000s\000\040\000a\000n\000a\000l\000y\000s\000i\000s\000\040\000u\000s\000i\000n\000g\000\040\000a\000\040\000d\000i\000f\000f\000e\000r\000e\000n\000t\000\040\000m\000a\000p\000\040\000f\000o\000r\000\040\000t\000r\000a\000i\000n\000i\000n\000g}{chapter.5}% 80
\BOOKMARK [2][-]{subsection.5.4.1}{\376\377\000E\000x\000p\000l\000a\000n\000a\000t\000i\000o\000n\000\040\000o\000f\000\040\000t\000h\000e\000\040\000e\000x\000p\000e\000r\000i\000m\000e\000n\000t}{section.5.4}% 81
\BOOKMARK [2][-]{subsection.5.4.2}{\376\377\000R\000e\000s\000u\000l\000t\000s\000\040\000o\000f\000\040\000t\000h\000e\000\040\000e\000x\000p\000e\000r\000i\000m\000e\000n\000t}{section.5.4}% 82
\BOOKMARK [1][-]{section.5.5}{\376\377\000E\000x\000p\000e\000r\000i\000m\000e\000n\000t\000\040\0005\000:\000\040\000I\000m\000p\000r\000o\000v\000i\000n\000g\000\040\000n\000o\000r\000m\000a\000l\000i\000z\000i\000n\000g\000\040\000f\000l\000o\000w\000\040\000p\000e\000r\000f\000o\000r\000m\000a\000n\000c\000e\000\040\000b\000y\000\040\000e\000n\000h\000a\000n\000c\000i\000n\000g\000\040\000t\000h\000e\000\040\000t\000r\000a\000i\000n\000i\000n\000g\000\040\000d\000a\000t\000a\000s\000e\000t}{chapter.5}% 83
\BOOKMARK [2][-]{subsection.5.5.1}{\376\377\000E\000x\000p\000l\000a\000n\000a\000t\000i\000o\000n\000\040\000o\000f\000\040\000t\000h\000e\000\040\000e\000x\000p\000e\000r\000i\000m\000e\000n\000t}{section.5.5}% 84
\BOOKMARK [2][-]{subsection.5.5.2}{\376\377\000R\000e\000s\000u\000l\000t\000s\000\040\000o\000f\000\040\000t\000h\000e\000\040\000e\000x\000p\000e\000r\000i\000m\000e\000n\000t}{section.5.5}% 85
\BOOKMARK [1][-]{section.5.6}{\376\377\000E\000x\000p\000e\000r\000i\000m\000e\000n\000t\000\040\0006\000:\000\040\000T\000r\000a\000c\000k\000i\000n\000g\000\040\000p\000a\000r\000a\000m\000e\000t\000e\000r\000\040\000e\000v\000o\000l\000u\000t\000i\000o\000n\000\040\000d\000u\000r\000i\000n\000g\000\040\000p\000e\000n\000u\000m\000b\000r\000a\000\040\000f\000o\000r\000m\000a\000t\000i\000o\000n}{chapter.5}% 86
\BOOKMARK [2][-]{subsection.5.6.1}{\376\377\000E\000x\000p\000l\000a\000n\000a\000t\000i\000o\000n\000\040\000o\000f\000\040\000t\000h\000e\000\040\000e\000x\000p\000e\000r\000i\000m\000e\000n\000t}{section.5.6}% 87
\BOOKMARK [2][-]{subsection.5.6.2}{\376\377\000R\000e\000s\000u\000l\000t\000s\000\040\000o\000f\000\040\000t\000h\000e\000\040\000e\000x\000p\000e\000r\000i\000m\000e\000n\000t}{section.5.6}% 88
\BOOKMARK [0][-]{chapter.6}{\376\377\000D\000i\000s\000c\000u\000s\000s\000i\000o\000n\000\040\000a\000n\000d\000\040\000i\000n\000t\000e\000r\000p\000r\000e\000t\000a\000t\000i\000o\000n}{}% 89
\BOOKMARK [1][-]{section.6.1}{\376\377\000E\000x\000p\000e\000r\000i\000m\000e\000n\000t\000\040\0001\000:\000\040\000T\000r\000a\000i\000n\000i\000n\000g\000\040\000o\000n\000\040\000s\000y\000n\000t\000h\000e\000t\000i\000c\000\040\000d\000a\000t\000a}{chapter.6}% 90
\BOOKMARK [1][-]{section.6.2}{\376\377\000E\000x\000p\000e\000r\000i\000m\000e\000n\000t\000\040\0002\000:\000\040\000S\000i\000n\000g\000l\000e\000\040\000m\000a\000p\000\040\000a\000n\000a\000l\000y\000s\000i\000s}{chapter.6}% 91
\BOOKMARK [1][-]{section.6.3}{\376\377\000E\000x\000p\000e\000r\000i\000m\000e\000n\000t\000\040\0003\000:\000\040\000M\000u\000l\000t\000i\000p\000l\000e\000\040\000m\000a\000p\000s\000\040\000a\000n\000a\000l\000y\000s\000i\000s}{chapter.6}% 92
\BOOKMARK [1][-]{section.6.4}{\376\377\000E\000x\000p\000e\000r\000i\000m\000e\000n\000t\000\040\0004\000:\000\040\000M\000u\000l\000t\000i\000p\000l\000e\000\040\000m\000a\000p\000s\000\040\000a\000n\000a\000l\000y\000s\000i\000s\000\040\000u\000s\000i\000n\000g\000\040\000a\000\040\000d\000i\000f\000f\000e\000r\000e\000n\000t\000\040\000m\000a\000p\000\040\000f\000o\000r\000\040\000t\000r\000a\000i\000n\000i\000n\000g}{chapter.6}% 93
\BOOKMARK [1][-]{section.6.5}{\376\377\000E\000x\000p\000e\000r\000i\000m\000e\000n\000t\000\040\0005\000:\000\040\000I\000m\000p\000r\000o\000v\000i\000n\000g\000\040\000n\000o\000r\000m\000a\000l\000i\000z\000i\000n\000g\000\040\000f\000l\000o\000w\000\040\000p\000e\000r\000f\000o\000r\000m\000a\000n\000c\000e\000\040\000b\000y\000\040\000e\000n\000h\000a\000n\000c\000i\000n\000g\000\040\000t\000h\000e\000\040\000t\000r\000a\000i\000n\000i\000n\000g\000\040\000d\000a\000t\000a\000s\000e\000t}{chapter.6}% 94
\BOOKMARK [1][-]{section.6.6}{\376\377\000E\000x\000p\000e\000r\000i\000m\000e\000n\000t\000\040\0006\000:\000\040\000T\000r\000a\000c\000k\000i\000n\000g\000\040\000p\000a\000r\000a\000m\000e\000t\000e\000r\000\040\000e\000v\000o\000l\000u\000t\000i\000o\000n\000\040\000d\000u\000r\000i\000n\000g\000\040\000p\000e\000n\000u\000m\000b\000r\000a\000\040\000f\000o\000r\000m\000a\000t\000i\000o\000n}{chapter.6}% 95
\BOOKMARK [1][-]{section.6.7}{\376\377\000E\000x\000p\000e\000r\000i\000m\000e\000n\000t\000\040\0002}{chapter.6}% 96
\BOOKMARK [0][-]{chapter.7}{\376\377\000A\000p\000p\000e\000n\000d\000i\000x}{}% 97
\BOOKMARK [1][-]{section.7.1}{\376\377\000C\000a\000l\000c\000u\000l\000a\000t\000i\000n\000g\000\040\000a\000\040\000p\000o\000s\000t\000e\000r\000i\000o\000r\000\040\000p\000r\000o\000b\000a\000b\000i\000l\000i\000t\000y\000\040\000d\000e\000n\000s\000i\000t\000y\000\040\000f\000u\000n\000c\000t\000i\000o\000n}{chapter.7}% 98
