This is pdfTeX, Version 3.141592653-2.6-1.40.23 (MiKTeX 21.10) (preloaded format=pdflatex 2021.10.8)  19 JAN 2024 21:40
entering extended mode
**./thesis_main.tex
(thesis_main.tex
LaTeX2e <2021-06-01> patch level 1
L3 programming layer <2021-08-27>
(C:\Program Files\MiKTeX 2.9\tex/latex/base\report.cls
Document Class: report 2021/02/12 v1.4n Standard LaTeX document class
(C:\Program Files\MiKTeX 2.9\tex/latex/base\size12.clo
File: size12.clo 2021/02/12 v1.4n Standard LaTeX file (size option)
)
\c@part=\count182
\c@chapter=\count183
\c@section=\count184
\c@subsection=\count185
\c@subsubsection=\count186
\c@paragraph=\count187
\c@subparagraph=\count188
\c@figure=\count189
\c@table=\count190
\abovecaptionskip=\skip47
\belowcaptionskip=\skip48
\bibindent=\dimen138
) (packages.tex
(C:\Program Files\MiKTeX 2.9\tex/generic/babel\babel.sty
Package: babel 2021/07/22 3.63 The Babel package

(C:\Program Files\MiKTeX 2.9\tex/generic/babel\babel.def
File: babel.def 2021/07/22 3.63 Babel common definitions
\babel@savecnt=\count191
\U@D=\dimen139
\l@unhyphenated=\language83

(C:\Program Files\MiKTeX 2.9\tex/generic/babel\txtbabel.def)
\bbl@readstream=\read2
)
\bbl@dirlevel=\count192

*************************************
* Local config file bblopts.cfg used
*
(C:\Users\zahnd\AppData\Roaming\MiKTeX\2.9\tex/latex/arabi\bblopts.cfg
File: bblopts.cfg 2005/09/08 v0.1 add Arabic and Farsi to "declared" options of
 babel
)
(C:\Program Files\MiKTeX 2.9\tex/latex/babel-german\german.ldf
Language: german 2021/02/27 v2.13 German support for babel (pre-1996 orthograph
y)

(C:\Program Files\MiKTeX 2.9\tex/latex/babel-german\germanb.ldf
Language: germanb 2021/02/27 v2.13 German support for babel (pre-1996 orthograp
hy)
Package babel Info: Making " an active character on input line 139.
))
(C:\Program Files\MiKTeX 2.9\tex/latex/babel-english\english.ldf
Language: english 2017/06/06 v3.3r English support from the babel system
Package babel Info: Hyphen rules for 'canadian' set to \l@english
(babel)             (\language0). Reported on input line 102.
Package babel Info: Hyphen rules for 'australian' set to \l@ukenglish
(babel)             (\language77). Reported on input line 105.
Package babel Info: Hyphen rules for 'newzealand' set to \l@ukenglish
(babel)             (\language77). Reported on input line 108.
))
(C:\Users\zahnd\AppData\Roaming\MiKTeX\2.9\tex/latex/pgf/frontendlayer\tikz.sty
(C:\Users\zahnd\AppData\Roaming\MiKTeX\2.9\tex/latex/pgf/basiclayer\pgf.sty
(C:\Users\zahnd\AppData\Roaming\MiKTeX\2.9\tex/latex/pgf/utilities\pgfrcs.sty
(C:\Users\zahnd\AppData\Roaming\MiKTeX\2.9\tex/generic/pgf/utilities\pgfutil-co
mmon.tex
\pgfutil@everybye=\toks16
\pgfutil@tempdima=\dimen140
\pgfutil@tempdimb=\dimen141

(C:\Users\zahnd\AppData\Roaming\MiKTeX\2.9\tex/generic/pgf/utilities\pgfutil-co
mmon-lists.tex))
(C:\Users\zahnd\AppData\Roaming\MiKTeX\2.9\tex/generic/pgf/utilities\pgfutil-la
tex.def
\pgfutil@abb=\box50
)
(C:\Users\zahnd\AppData\Roaming\MiKTeX\2.9\tex/generic/pgf/utilities\pgfrcs.cod
e.tex
(C:\Users\zahnd\AppData\Roaming\MiKTeX\2.9\tex/generic/pgf\pgf.revision.tex)
Package: pgfrcs 2021/05/15 v3.1.9a (3.1.9a)
))
Package: pgf 2021/05/15 v3.1.9a (3.1.9a)

(C:\Users\zahnd\AppData\Roaming\MiKTeX\2.9\tex/latex/pgf/basiclayer\pgfcore.sty
(C:\Program Files\MiKTeX 2.9\tex/latex/graphics\graphicx.sty
Package: graphicx 2020/12/05 v1.2c Enhanced LaTeX Graphics (DPC,SPQR)

(C:\Program Files\MiKTeX 2.9\tex/latex/graphics\keyval.sty
Package: keyval 2014/10/28 v1.15 key=value parser (DPC)
\KV@toks@=\toks17
)
(C:\Program Files\MiKTeX 2.9\tex/latex/graphics\graphics.sty
Package: graphics 2021/03/04 v1.4d Standard LaTeX Graphics (DPC,SPQR)

(C:\Program Files\MiKTeX 2.9\tex/latex/graphics\trig.sty
Package: trig 2016/01/03 v1.10 sin cos tan (DPC)
)
(C:\Program Files\MiKTeX 2.9\tex/latex/graphics-cfg\graphics.cfg
File: graphics.cfg 2016/06/04 v1.11 sample graphics configuration
)
Package graphics Info: Driver file: pdftex.def on input line 107.

(C:\Program Files\MiKTeX 2.9\tex/latex/graphics-def\pdftex.def
File: pdftex.def 2020/10/05 v1.2a Graphics/color driver for pdftex
))
\Gin@req@height=\dimen142
\Gin@req@width=\dimen143
)
(C:\Users\zahnd\AppData\Roaming\MiKTeX\2.9\tex/latex/pgf/systemlayer\pgfsys.sty

(C:\Users\zahnd\AppData\Roaming\MiKTeX\2.9\tex/generic/pgf/systemlayer\pgfsys.c
ode.tex
Package: pgfsys 2021/05/15 v3.1.9a (3.1.9a)

(C:\Users\zahnd\AppData\Roaming\MiKTeX\2.9\tex/generic/pgf/utilities\pgfkeys.co
de.tex
\pgfkeys@pathtoks=\toks18
\pgfkeys@temptoks=\toks19

(C:\Users\zahnd\AppData\Roaming\MiKTeX\2.9\tex/generic/pgf/utilities\pgfkeysfil
tered.code.tex
\pgfkeys@tmptoks=\toks20
))
\pgf@x=\dimen144
\pgf@y=\dimen145
\pgf@xa=\dimen146
\pgf@ya=\dimen147
\pgf@xb=\dimen148
\pgf@yb=\dimen149
\pgf@xc=\dimen150
\pgf@yc=\dimen151
\pgf@xd=\dimen152
\pgf@yd=\dimen153
\w@pgf@writea=\write3
\r@pgf@reada=\read3
\c@pgf@counta=\count193
\c@pgf@countb=\count194
\c@pgf@countc=\count195
\c@pgf@countd=\count196
\t@pgf@toka=\toks21
\t@pgf@tokb=\toks22
\t@pgf@tokc=\toks23
\pgf@sys@id@count=\count197

(C:\Users\zahnd\AppData\Roaming\MiKTeX\2.9\tex/generic/pgf/systemlayer\pgf.cfg
File: pgf.cfg 2021/05/15 v3.1.9a (3.1.9a)
)
Driver file for pgf: pgfsys-pdftex.def

(C:\Users\zahnd\AppData\Roaming\MiKTeX\2.9\tex/generic/pgf/systemlayer\pgfsys-p
dftex.def
File: pgfsys-pdftex.def 2021/05/15 v3.1.9a (3.1.9a)

(C:\Users\zahnd\AppData\Roaming\MiKTeX\2.9\tex/generic/pgf/systemlayer\pgfsys-c
ommon-pdf.def
File: pgfsys-common-pdf.def 2021/05/15 v3.1.9a (3.1.9a)
)))
(C:\Users\zahnd\AppData\Roaming\MiKTeX\2.9\tex/generic/pgf/systemlayer\pgfsysso
ftpath.code.tex
File: pgfsyssoftpath.code.tex 2021/05/15 v3.1.9a (3.1.9a)
\pgfsyssoftpath@smallbuffer@items=\count198
\pgfsyssoftpath@bigbuffer@items=\count199
)
(C:\Users\zahnd\AppData\Roaming\MiKTeX\2.9\tex/generic/pgf/systemlayer\pgfsyspr
otocol.code.tex
File: pgfsysprotocol.code.tex 2021/05/15 v3.1.9a (3.1.9a)
))
(C:\Users\zahnd\AppData\Roaming\MiKTeX\2.9\tex/latex/xcolor\xcolor.sty
Package: xcolor 2016/05/11 v2.12 LaTeX color extensions (UK)

(C:\Program Files\MiKTeX 2.9\tex/latex/graphics-cfg\color.cfg
File: color.cfg 2016/01/02 v1.6 sample color configuration
)
Package xcolor Info: Driver file: pdftex.def on input line 225.
Package xcolor Info: Model `cmy' substituted by `cmy0' on input line 1348.
Package xcolor Info: Model `hsb' substituted by `rgb' on input line 1352.
Package xcolor Info: Model `RGB' extended on input line 1364.
Package xcolor Info: Model `HTML' substituted by `rgb' on input line 1366.
Package xcolor Info: Model `Hsb' substituted by `hsb' on input line 1367.
Package xcolor Info: Model `tHsb' substituted by `hsb' on input line 1368.
Package xcolor Info: Model `HSB' substituted by `hsb' on input line 1369.
Package xcolor Info: Model `Gray' substituted by `gray' on input line 1370.
Package xcolor Info: Model `wave' substituted by `hsb' on input line 1371.
)
(C:\Users\zahnd\AppData\Roaming\MiKTeX\2.9\tex/generic/pgf/basiclayer\pgfcore.c
ode.tex
Package: pgfcore 2021/05/15 v3.1.9a (3.1.9a)

(C:\Users\zahnd\AppData\Roaming\MiKTeX\2.9\tex/generic/pgf/math\pgfmath.code.te
x
(C:\Users\zahnd\AppData\Roaming\MiKTeX\2.9\tex/generic/pgf/math\pgfmathcalc.cod
e.tex
(C:\Users\zahnd\AppData\Roaming\MiKTeX\2.9\tex/generic/pgf/math\pgfmathutil.cod
e.tex)
(C:\Users\zahnd\AppData\Roaming\MiKTeX\2.9\tex/generic/pgf/math\pgfmathparser.c
ode.tex
\pgfmath@dimen=\dimen154
\pgfmath@count=\count266
\pgfmath@box=\box51
\pgfmath@toks=\toks24
\pgfmath@stack@operand=\toks25
\pgfmath@stack@operation=\toks26
)
(C:\Users\zahnd\AppData\Roaming\MiKTeX\2.9\tex/generic/pgf/math\pgfmathfunction
s.code.tex
(C:\Users\zahnd\AppData\Roaming\MiKTeX\2.9\tex/generic/pgf/math\pgfmathfunction
s.basic.code.tex)
(C:\Users\zahnd\AppData\Roaming\MiKTeX\2.9\tex/generic/pgf/math\pgfmathfunction
s.trigonometric.code.tex)
(C:\Users\zahnd\AppData\Roaming\MiKTeX\2.9\tex/generic/pgf/math\pgfmathfunction
s.random.code.tex)
(C:\Users\zahnd\AppData\Roaming\MiKTeX\2.9\tex/generic/pgf/math\pgfmathfunction
s.comparison.code.tex)
(C:\Users\zahnd\AppData\Roaming\MiKTeX\2.9\tex/generic/pgf/math\pgfmathfunction
s.base.code.tex)
(C:\Users\zahnd\AppData\Roaming\MiKTeX\2.9\tex/generic/pgf/math\pgfmathfunction
s.round.code.tex)
(C:\Users\zahnd\AppData\Roaming\MiKTeX\2.9\tex/generic/pgf/math\pgfmathfunction
s.misc.code.tex)
(C:\Users\zahnd\AppData\Roaming\MiKTeX\2.9\tex/generic/pgf/math\pgfmathfunction
s.integerarithmetics.code.tex)))
(C:\Users\zahnd\AppData\Roaming\MiKTeX\2.9\tex/generic/pgf/math\pgfmathfloat.co
de.tex
\c@pgfmathroundto@lastzeros=\count267
))
(C:\Users\zahnd\AppData\Roaming\MiKTeX\2.9\tex/generic/pgf/math\pgfint.code.tex
)
(C:\Users\zahnd\AppData\Roaming\MiKTeX\2.9\tex/generic/pgf/basiclayer\pgfcorepo
ints.code.tex
File: pgfcorepoints.code.tex 2021/05/15 v3.1.9a (3.1.9a)
\pgf@picminx=\dimen155
\pgf@picmaxx=\dimen156
\pgf@picminy=\dimen157
\pgf@picmaxy=\dimen158
\pgf@pathminx=\dimen159
\pgf@pathmaxx=\dimen160
\pgf@pathminy=\dimen161
\pgf@pathmaxy=\dimen162
\pgf@xx=\dimen163
\pgf@xy=\dimen164
\pgf@yx=\dimen165
\pgf@yy=\dimen166
\pgf@zx=\dimen167
\pgf@zy=\dimen168
)
(C:\Users\zahnd\AppData\Roaming\MiKTeX\2.9\tex/generic/pgf/basiclayer\pgfcorepa
thconstruct.code.tex
File: pgfcorepathconstruct.code.tex 2021/05/15 v3.1.9a (3.1.9a)
\pgf@path@lastx=\dimen169
\pgf@path@lasty=\dimen170
)
(C:\Users\zahnd\AppData\Roaming\MiKTeX\2.9\tex/generic/pgf/basiclayer\pgfcorepa
thusage.code.tex
File: pgfcorepathusage.code.tex 2021/05/15 v3.1.9a (3.1.9a)
\pgf@shorten@end@additional=\dimen171
\pgf@shorten@start@additional=\dimen172
)
(C:\Users\zahnd\AppData\Roaming\MiKTeX\2.9\tex/generic/pgf/basiclayer\pgfcoresc
opes.code.tex
File: pgfcorescopes.code.tex 2021/05/15 v3.1.9a (3.1.9a)
\pgfpic=\box52
\pgf@hbox=\box53
\pgf@layerbox@main=\box54
\pgf@picture@serial@count=\count268
)
(C:\Users\zahnd\AppData\Roaming\MiKTeX\2.9\tex/generic/pgf/basiclayer\pgfcoregr
aphicstate.code.tex
File: pgfcoregraphicstate.code.tex 2021/05/15 v3.1.9a (3.1.9a)
\pgflinewidth=\dimen173
)
(C:\Users\zahnd\AppData\Roaming\MiKTeX\2.9\tex/generic/pgf/basiclayer\pgfcoretr
ansformations.code.tex
File: pgfcoretransformations.code.tex 2021/05/15 v3.1.9a (3.1.9a)
\pgf@pt@x=\dimen174
\pgf@pt@y=\dimen175
\pgf@pt@temp=\dimen176
)
(C:\Users\zahnd\AppData\Roaming\MiKTeX\2.9\tex/generic/pgf/basiclayer\pgfcorequ
ick.code.tex
File: pgfcorequick.code.tex 2021/05/15 v3.1.9a (3.1.9a)
)
(C:\Users\zahnd\AppData\Roaming\MiKTeX\2.9\tex/generic/pgf/basiclayer\pgfcoreob
jects.code.tex
File: pgfcoreobjects.code.tex 2021/05/15 v3.1.9a (3.1.9a)
)
(C:\Users\zahnd\AppData\Roaming\MiKTeX\2.9\tex/generic/pgf/basiclayer\pgfcorepa
thprocessing.code.tex
File: pgfcorepathprocessing.code.tex 2021/05/15 v3.1.9a (3.1.9a)
)
(C:\Users\zahnd\AppData\Roaming\MiKTeX\2.9\tex/generic/pgf/basiclayer\pgfcorear
rows.code.tex
File: pgfcorearrows.code.tex 2021/05/15 v3.1.9a (3.1.9a)
\pgfarrowsep=\dimen177
)
(C:\Users\zahnd\AppData\Roaming\MiKTeX\2.9\tex/generic/pgf/basiclayer\pgfcoresh
ade.code.tex
File: pgfcoreshade.code.tex 2021/05/15 v3.1.9a (3.1.9a)
\pgf@max=\dimen178
\pgf@sys@shading@range@num=\count269
\pgf@shadingcount=\count270
)
(C:\Users\zahnd\AppData\Roaming\MiKTeX\2.9\tex/generic/pgf/basiclayer\pgfcoreim
age.code.tex
File: pgfcoreimage.code.tex 2021/05/15 v3.1.9a (3.1.9a)

(C:\Users\zahnd\AppData\Roaming\MiKTeX\2.9\tex/generic/pgf/basiclayer\pgfcoreex
ternal.code.tex
File: pgfcoreexternal.code.tex 2021/05/15 v3.1.9a (3.1.9a)
\pgfexternal@startupbox=\box55
))
(C:\Users\zahnd\AppData\Roaming\MiKTeX\2.9\tex/generic/pgf/basiclayer\pgfcorela
yers.code.tex
File: pgfcorelayers.code.tex 2021/05/15 v3.1.9a (3.1.9a)
)
(C:\Users\zahnd\AppData\Roaming\MiKTeX\2.9\tex/generic/pgf/basiclayer\pgfcoretr
ansparency.code.tex
File: pgfcoretransparency.code.tex 2021/05/15 v3.1.9a (3.1.9a)
)
(C:\Users\zahnd\AppData\Roaming\MiKTeX\2.9\tex/generic/pgf/basiclayer\pgfcorepa
tterns.code.tex
File: pgfcorepatterns.code.tex 2021/05/15 v3.1.9a (3.1.9a)
)
(C:\Users\zahnd\AppData\Roaming\MiKTeX\2.9\tex/generic/pgf/basiclayer\pgfcorerd
f.code.tex
File: pgfcorerdf.code.tex 2021/05/15 v3.1.9a (3.1.9a)
)))
(C:\Users\zahnd\AppData\Roaming\MiKTeX\2.9\tex/generic/pgf/modules\pgfmodulesha
pes.code.tex
File: pgfmoduleshapes.code.tex 2021/05/15 v3.1.9a (3.1.9a)
\pgfnodeparttextbox=\box56
)
(C:\Users\zahnd\AppData\Roaming\MiKTeX\2.9\tex/generic/pgf/modules\pgfmoduleplo
t.code.tex
File: pgfmoduleplot.code.tex 2021/05/15 v3.1.9a (3.1.9a)
)
(C:\Users\zahnd\AppData\Roaming\MiKTeX\2.9\tex/latex/pgf/compatibility\pgfcomp-
version-0-65.sty
Package: pgfcomp-version-0-65 2021/05/15 v3.1.9a (3.1.9a)
\pgf@nodesepstart=\dimen179
\pgf@nodesepend=\dimen180
)
(C:\Users\zahnd\AppData\Roaming\MiKTeX\2.9\tex/latex/pgf/compatibility\pgfcomp-
version-1-18.sty
Package: pgfcomp-version-1-18 2021/05/15 v3.1.9a (3.1.9a)
))
(C:\Users\zahnd\AppData\Roaming\MiKTeX\2.9\tex/latex/pgf/utilities\pgffor.sty
(C:\Users\zahnd\AppData\Roaming\MiKTeX\2.9\tex/latex/pgf/utilities\pgfkeys.sty
(C:\Users\zahnd\AppData\Roaming\MiKTeX\2.9\tex/generic/pgf/utilities\pgfkeys.co
de.tex))
(C:\Users\zahnd\AppData\Roaming\MiKTeX\2.9\tex/latex/pgf/math\pgfmath.sty
(C:\Users\zahnd\AppData\Roaming\MiKTeX\2.9\tex/generic/pgf/math\pgfmath.code.te
x))
(C:\Users\zahnd\AppData\Roaming\MiKTeX\2.9\tex/generic/pgf/utilities\pgffor.cod
e.tex
Package: pgffor 2021/05/15 v3.1.9a (3.1.9a)

(C:\Users\zahnd\AppData\Roaming\MiKTeX\2.9\tex/generic/pgf/math\pgfmath.code.te
x)
\pgffor@iter=\dimen181
\pgffor@skip=\dimen182
\pgffor@stack=\toks27
\pgffor@toks=\toks28
))
(C:\Users\zahnd\AppData\Roaming\MiKTeX\2.9\tex/generic/pgf/frontendlayer/tikz\t
ikz.code.tex
Package: tikz 2021/05/15 v3.1.9a (3.1.9a)

(C:\Users\zahnd\AppData\Roaming\MiKTeX\2.9\tex/generic/pgf/libraries\pgflibrary
plothandlers.code.tex
File: pgflibraryplothandlers.code.tex 2021/05/15 v3.1.9a (3.1.9a)
\pgf@plot@mark@count=\count271
\pgfplotmarksize=\dimen183
)
\tikz@lastx=\dimen184
\tikz@lasty=\dimen185
\tikz@lastxsaved=\dimen186
\tikz@lastysaved=\dimen187
\tikz@lastmovetox=\dimen188
\tikz@lastmovetoy=\dimen189
\tikzleveldistance=\dimen190
\tikzsiblingdistance=\dimen191
\tikz@figbox=\box57
\tikz@figbox@bg=\box58
\tikz@tempbox=\box59
\tikz@tempbox@bg=\box60
\tikztreelevel=\count272
\tikznumberofchildren=\count273
\tikznumberofcurrentchild=\count274
\tikz@fig@count=\count275

(C:\Users\zahnd\AppData\Roaming\MiKTeX\2.9\tex/generic/pgf/modules\pgfmodulemat
rix.code.tex
File: pgfmodulematrix.code.tex 2021/05/15 v3.1.9a (3.1.9a)
\pgfmatrixcurrentrow=\count276
\pgfmatrixcurrentcolumn=\count277
\pgf@matrix@numberofcolumns=\count278
)
\tikz@expandcount=\count279

(C:\Users\zahnd\AppData\Roaming\MiKTeX\2.9\tex/generic/pgf/frontendlayer/tikz/l
ibraries\tikzlibrarytopaths.code.tex
File: tikzlibrarytopaths.code.tex 2021/05/15 v3.1.9a (3.1.9a)
)))
(C:\Users\zahnd\AppData\Roaming\MiKTeX\2.9\tex/latex/siunitx\siunitx.sty
Package: siunitx 2021-09-29 v3.0.32 A comprehensive (SI) units package
\l__siunitx_angle_tmp_dim=\dimen192
\l__siunitx_angle_marker_box=\box61
\l__siunitx_angle_unit_box=\box62
\l__siunitx_compound_count_int=\count280

(C:\Users\zahnd\AppData\Roaming\MiKTeX\2.9\tex/latex/translations\translations.
sty
Package: translations 2021/01/17 v1.10a internationalization of LaTeX2e package
s (CN)
 (C:\Users\zahnd\AppData\Roaming\MiKTeX\2.9\tex/latex/etoolbox\etoolbox.sty
Package: etoolbox 2020/10/05 v2.5k e-TeX tools for LaTeX (JAW)
\etb@tempcnta=\count281
)
(C:\Users\zahnd\AppData\Roaming\MiKTeX\2.9\tex/generic/pdftexcmds\pdftexcmds.st
y
Package: pdftexcmds 2020-06-27 v0.33 Utility functions of pdfTeX for LuaTeX (HO
)

(C:\Users\zahnd\AppData\Roaming\MiKTeX\2.9\tex/generic/infwarerr\infwarerr.sty
Package: infwarerr 2019/12/03 v1.5 Providing info/warning/error messages (HO)
) (C:\Users\zahnd\AppData\Roaming\MiKTeX\2.9\tex/generic/iftex\iftex.sty
Package: iftex 2020/03/06 v1.0d TeX engine tests
)
(C:\Users\zahnd\AppData\Roaming\MiKTeX\2.9\tex/generic/ltxcmds\ltxcmds.sty
Package: ltxcmds 2020-05-10 v1.25 LaTeX kernel commands for general use (HO)
)
Package pdftexcmds Info: \pdf@primitive is available.
Package pdftexcmds Info: \pdf@ifprimitive is available.
Package pdftexcmds Info: \pdfdraftmode found.
))
\l__siunitx_number_exponent_fixed_int=\count282
\l__siunitx_number_min_decimal_int=\count283
\l__siunitx_number_min_integer_int=\count284
\l__siunitx_number_round_precision_int=\count285
\l__siunitx_number_group_minimum_int=\count286

(C:\Program Files\MiKTeX 2.9\tex/latex/amsmath\amstext.sty
Package: amstext 2000/06/29 v2.01 AMS text

(C:\Program Files\MiKTeX 2.9\tex/latex/amsmath\amsgen.sty
File: amsgen.sty 1999/11/30 v2.0 generic functions
\@emptytoks=\toks29
\ex@=\dimen193
))
\l__siunitx_table_tmp_box=\box63
\l__siunitx_table_tmp_dim=\dimen194
\l__siunitx_table_column_width_dim=\dimen195
\l__siunitx_table_integer_box=\box64
\l__siunitx_table_decimal_box=\box65
\l__siunitx_table_before_box=\box66
\l__siunitx_table_after_box=\box67
\l__siunitx_table_before_dim=\dimen196
\l__siunitx_table_carry_dim=\dimen197
\l__siunitx_unit_tmp_int=\count287
\l__siunitx_unit_position_int=\count288
\l__siunitx_unit_total_int=\count289

(C:\Users\zahnd\AppData\Roaming\MiKTeX\2.9\tex/latex/l3packages/l3keys2e\l3keys
2e.sty (C:\Users\zahnd\AppData\Roaming\MiKTeX\2.9\tex/latex/l3kernel\expl3.sty
Package: expl3 2021-08-27 L3 programming layer (loader) 

(C:\Users\zahnd\AppData\Roaming\MiKTeX\2.9\tex/latex/l3backend\l3backend-pdftex
.def
File: l3backend-pdftex.def 2021-08-04 L3 backend support: PDF output (pdfTeX)
\l__color_backend_stack_int=\count290
\l__pdf_internal_box=\box68
))
Package: l3keys2e 2021-08-27 LaTeX2e option processing using LaTeX3 keys
) (C:\Users\zahnd\AppData\Roaming\MiKTeX\2.9\tex/latex/tools\array.sty
Package: array 2021/04/20 v2.5e Tabular extension package (FMi)
\col@sep=\dimen198
\ar@mcellbox=\box69
\extrarowheight=\dimen199
\NC@list=\toks30
\extratabsurround=\skip49
\backup@length=\skip50
\ar@cellbox=\box70
))
(C:\Users\zahnd\AppData\Roaming\MiKTeX\2.9\tex/latex/tools\bm.sty
Package: bm 2021/04/25 v1.2e Bold Symbol Support (DPC/FMi)
\symboldoperators=\mathgroup4
\symboldletters=\mathgroup5
\symboldsymbols=\mathgroup6
Package bm Info: No bold for \OMX/cmex/m/n, using \pmb.
LaTeX Font Info:    Redeclaring math alphabet \mathbf on input line 149.
)
(C:\Users\zahnd\AppData\Roaming\MiKTeX\2.9\tex/latex/listings\listings.sty
\lst@mode=\count291
\lst@gtempboxa=\box71
\lst@token=\toks31
\lst@length=\count292
\lst@currlwidth=\dimen256
\lst@column=\count293
\lst@pos=\count294
\lst@lostspace=\dimen257
\lst@width=\dimen258
\lst@newlines=\count295
\lst@lineno=\count296
\lst@maxwidth=\dimen259

(C:\Users\zahnd\AppData\Roaming\MiKTeX\2.9\tex/latex/listings\lstmisc.sty
File: lstmisc.sty 2020/03/24 1.8d (Carsten Heinz)
\c@lstnumber=\count297
\lst@skipnumbers=\count298
\lst@framebox=\box72
)
(C:\Users\zahnd\AppData\Roaming\MiKTeX\2.9\tex/latex/listings\listings.cfg
File: listings.cfg 2020/03/24 1.8d listings configuration
))
Package: listings 2020/03/24 1.8d (Carsten Heinz)

(C:\Users\zahnd\AppData\Roaming\MiKTeX\2.9\tex/latex/enumitem\enumitem.sty
Package: enumitem 2019/06/20 v3.9 Customized lists
\labelindent=\skip51
\enit@outerparindent=\dimen260
\enit@toks=\toks32
\enit@inbox=\box73
\enit@count@id=\count299
\enitdp@description=\count300
)
(C:\Program Files\MiKTeX 2.9\tex/latex/geometry\geometry.sty
Package: geometry 2020/01/02 v5.9 Page Geometry

(C:\Users\zahnd\AppData\Roaming\MiKTeX\2.9\tex/generic/iftex\ifvtex.sty
Package: ifvtex 2019/10/25 v1.7 ifvtex legacy package. Use iftex instead.
)
\Gm@cnth=\count301
\Gm@cntv=\count302
\c@Gm@tempcnt=\count303
\Gm@bindingoffset=\dimen261
\Gm@wd@mp=\dimen262
\Gm@odd@mp=\dimen263
\Gm@even@mp=\dimen264
\Gm@layoutwidth=\dimen265
\Gm@layoutheight=\dimen266
\Gm@layouthoffset=\dimen267
\Gm@layoutvoffset=\dimen268
\Gm@dimlist=\toks33

(C:\Program Files\MiKTeX 2.9\tex/latex/geometry\geometry.cfg))
(C:\Users\zahnd\AppData\Roaming\MiKTeX\2.9\tex/latex/placeins\placeins.sty
Package: placeins 2005/04/18  v 2.2
)
(C:\Program Files\MiKTeX 2.9\tex/latex/amsmath\amsmath.sty
Package: amsmath 2021/04/20 v2.17j AMS math features
\@mathmargin=\skip52

For additional information on amsmath, use the `?' option.
(C:\Program Files\MiKTeX 2.9\tex/latex/amsmath\amsbsy.sty
Package: amsbsy 1999/11/29 v1.2d Bold Symbols
LaTeX Info: Redefining \boldsymbol on input line 28.
\pmbraise@=\dimen269
)
(C:\Program Files\MiKTeX 2.9\tex/latex/amsmath\amsopn.sty
Package: amsopn 2016/03/08 v2.02 operator names
)
\inf@bad=\count304
LaTeX Info: Redefining \frac on input line 234.
\uproot@=\count305
\leftroot@=\count306
LaTeX Info: Redefining \overline on input line 399.
\classnum@=\count307
\DOTSCASE@=\count308
LaTeX Info: Redefining \ldots on input line 496.
LaTeX Info: Redefining \dots on input line 499.
LaTeX Info: Redefining \cdots on input line 620.
\Mathstrutbox@=\box74
\strutbox@=\box75
\big@size=\dimen270
LaTeX Font Info:    Redeclaring font encoding OML on input line 743.
LaTeX Font Info:    Redeclaring font encoding OMS on input line 744.
\macc@depth=\count309
\c@MaxMatrixCols=\count310
\dotsspace@=\muskip16
\c@parentequation=\count311
\dspbrk@lvl=\count312
\tag@help=\toks34
\row@=\count313
\column@=\count314
\maxfields@=\count315
\andhelp@=\toks35
\eqnshift@=\dimen271
\alignsep@=\dimen272
\tagshift@=\dimen273
\tagwidth@=\dimen274
\totwidth@=\dimen275
\lineht@=\dimen276
\@envbody=\toks36
\multlinegap=\skip53
\multlinetaggap=\skip54
\mathdisplay@stack=\toks37
LaTeX Info: Redefining \[ on input line 2923.
LaTeX Info: Redefining \] on input line 2924.
)
(C:\Program Files\MiKTeX 2.9\tex/latex/amscls\amsthm.sty
Package: amsthm 2020/05/29 v2.20.6
\thm@style=\toks38
\thm@bodyfont=\toks39
\thm@headfont=\toks40
\thm@notefont=\toks41
\thm@headpunct=\toks42
\thm@preskip=\skip55
\thm@postskip=\skip56
\thm@headsep=\skip57
\dth@everypar=\toks43
)
(C:\Program Files\MiKTeX 2.9\tex/latex/amsfonts\amssymb.sty
Package: amssymb 2013/01/14 v3.01 AMS font symbols

(C:\Program Files\MiKTeX 2.9\tex/latex/amsfonts\amsfonts.sty
Package: amsfonts 2013/01/14 v3.01 Basic AMSFonts support
\symAMSa=\mathgroup7
\symAMSb=\mathgroup8
LaTeX Font Info:    Redeclaring math symbol \hbar on input line 98.
LaTeX Font Info:    Overwriting math alphabet `\mathfrak' in version `bold'
(Font)                  U/euf/m/n --> U/euf/b/n on input line 106.
))
(C:\Users\zahnd\AppData\Roaming\MiKTeX\2.9\tex/latex/units\nicefrac.sty
Package: nicefrac 1998/08/04 v0.9b Nice fractions
\L@UnitsRaiseDisplaystyle=\skip58
\L@UnitsRaiseTextstyle=\skip59
\L@UnitsRaiseScriptstyle=\skip60

(C:\Program Files\MiKTeX 2.9\tex/latex/base\ifthen.sty
Package: ifthen 2020/11/24 v1.1c Standard LaTeX ifthen package (DPC)
))
(C:\Users\zahnd\AppData\Roaming\MiKTeX\2.9\tex/latex/tools\tabularx.sty
Package: tabularx 2020/01/15 v2.11c `tabularx' package (DPC)
\TX@col@width=\dimen277
\TX@old@table=\dimen278
\TX@old@col=\dimen279
\TX@target=\dimen280
\TX@delta=\dimen281
\TX@cols=\count316
\TX@ftn=\toks44
)
(C:\Program Files\MiKTeX 2.9\tex/latex/hyperref\hyperref.sty
Package: hyperref 2021-06-07 v7.00m Hypertext links for LaTeX

(C:\Users\zahnd\AppData\Roaming\MiKTeX\2.9\tex/generic/kvsetkeys\kvsetkeys.sty
Package: kvsetkeys 2019/12/15 v1.18 Key value parser (HO)
)
(C:\Users\zahnd\AppData\Roaming\MiKTeX\2.9\tex/generic/kvdefinekeys\kvdefinekey
s.sty
Package: kvdefinekeys 2019-12-19 v1.6 Define keys (HO)
)
(C:\Users\zahnd\AppData\Roaming\MiKTeX\2.9\tex/generic/pdfescape\pdfescape.sty
Package: pdfescape 2019/12/09 v1.15 Implements pdfTeX's escape features (HO)
) (C:\Users\zahnd\AppData\Roaming\MiKTeX\2.9\tex/latex/hycolor\hycolor.sty
Package: hycolor 2020-01-27 v1.10 Color options for hyperref/bookmark (HO)
)
(C:\Users\zahnd\AppData\Roaming\MiKTeX\2.9\tex/latex/letltxmacro\letltxmacro.st
y
Package: letltxmacro 2019/12/03 v1.6 Let assignment for LaTeX macros (HO)
) (C:\Users\zahnd\AppData\Roaming\MiKTeX\2.9\tex/latex/auxhook\auxhook.sty
Package: auxhook 2019-12-17 v1.6 Hooks for auxiliary files (HO)
)
(C:\Users\zahnd\AppData\Roaming\MiKTeX\2.9\tex/latex/kvoptions\kvoptions.sty
Package: kvoptions 2020-10-07 v3.14 Key value format for package options (HO)
)
\@linkdim=\dimen282
\Hy@linkcounter=\count317
\Hy@pagecounter=\count318

(C:\Program Files\MiKTeX 2.9\tex/latex/hyperref\pd1enc.def
File: pd1enc.def 2021-06-07 v7.00m Hyperref: PDFDocEncoding definition (HO)
Now handling font encoding PD1 ...
... no UTF-8 mapping file for font encoding PD1
)
(C:\Program Files\MiKTeX 2.9\tex/latex/hyperref\hyperref-langpatches.def
File: hyperref-langpatches.def 2021-06-07 v7.00m Hyperref: patches for babel la
nguages
)
(C:\Users\zahnd\AppData\Roaming\MiKTeX\2.9\tex/generic/intcalc\intcalc.sty
Package: intcalc 2019/12/15 v1.3 Expandable calculations with integers (HO)
)
(C:\Users\zahnd\AppData\Roaming\MiKTeX\2.9\tex/generic/etexcmds\etexcmds.sty
Package: etexcmds 2019/12/15 v1.7 Avoid name clashes with e-TeX commands (HO)
)
\Hy@SavedSpaceFactor=\count319

(C:\Program Files\MiKTeX 2.9\tex/latex/hyperref\puenc.def
File: puenc.def 2021-06-07 v7.00m Hyperref: PDF Unicode definition (HO)
Now handling font encoding PU ...
... no UTF-8 mapping file for font encoding PU
)
Package hyperref Info: Hyper figures OFF on input line 4192.
Package hyperref Info: Link nesting OFF on input line 4197.
Package hyperref Info: Hyper index ON on input line 4200.
Package hyperref Info: Plain pages OFF on input line 4207.
Package hyperref Info: Backreferencing OFF on input line 4212.
Package hyperref Info: Implicit mode ON; LaTeX internals redefined.
Package hyperref Info: Bookmarks ON on input line 4445.
\c@Hy@tempcnt=\count320

(C:\Users\zahnd\AppData\Roaming\MiKTeX\2.9\tex/latex/url\url.sty
\Urlmuskip=\muskip17
Package: url 2013/09/16  ver 3.4  Verb mode for urls, etc.
)
LaTeX Info: Redefining \url on input line 4804.
\XeTeXLinkMargin=\dimen283

(C:\Users\zahnd\AppData\Roaming\MiKTeX\2.9\tex/generic/bitset\bitset.sty
Package: bitset 2019/12/09 v1.3 Handle bit-vector datatype (HO)

(C:\Users\zahnd\AppData\Roaming\MiKTeX\2.9\tex/generic/bigintcalc\bigintcalc.st
y
Package: bigintcalc 2019/12/15 v1.5 Expandable calculations on big integers (HO
)
))
\Fld@menulength=\count321
\Field@Width=\dimen284
\Fld@charsize=\dimen285
Package hyperref Info: Hyper figures OFF on input line 6076.
Package hyperref Info: Link nesting OFF on input line 6081.
Package hyperref Info: Hyper index ON on input line 6084.
Package hyperref Info: backreferencing OFF on input line 6091.
Package hyperref Info: Link coloring OFF on input line 6096.
Package hyperref Info: Link coloring with OCG OFF on input line 6101.
Package hyperref Info: PDF/A mode OFF on input line 6106.
LaTeX Info: Redefining \ref on input line 6146.
LaTeX Info: Redefining \pageref on input line 6150.
 (C:\Program Files\MiKTeX 2.9\tex/latex/base\atbegshi-ltx.sty
Package: atbegshi-ltx 2021/01/10 v1.0c Emulation of the original atbegshi
package with kernel methods
)
\Hy@abspage=\count322
\c@Item=\count323
\c@Hfootnote=\count324
)
Package hyperref Info: Driver (autodetected): hpdftex.

(C:\Program Files\MiKTeX 2.9\tex/latex/hyperref\hpdftex.def
File: hpdftex.def 2021-06-07 v7.00m Hyperref driver for pdfTeX

(C:\Program Files\MiKTeX 2.9\tex/latex/base\atveryend-ltx.sty
Package: atveryend-ltx 2020/08/19 v1.0a Emulation of the original atvery packag
e
with kernel methods
)
\Fld@listcount=\count325
\c@bookmark@seq@number=\count326

(C:\Users\zahnd\AppData\Roaming\MiKTeX\2.9\tex/latex/rerunfilecheck\rerunfilech
eck.sty
Package: rerunfilecheck 2019/12/05 v1.9 Rerun checks for auxiliary files (HO)

(C:\Users\zahnd\AppData\Roaming\MiKTeX\2.9\tex/generic/uniquecounter\uniquecoun
ter.sty
Package: uniquecounter 2019/12/15 v1.4 Provide unlimited unique counter (HO)
)
Package uniquecounter Info: New unique counter `rerunfilecheck' on input line 2
86.
)
\Hy@SectionHShift=\skip61
)
(C:\Users\zahnd\AppData\Roaming\MiKTeX\2.9\tex/latex/cleveref\cleveref.sty
Package: cleveref 2018/03/27 v0.21.4 Intelligent cross-referencing
Package cleveref Info: `hyperref' support loaded on input line 2370.
LaTeX Info: Redefining \cref on input line 2370.
LaTeX Info: Redefining \Cref on input line 2370.
LaTeX Info: Redefining \crefrange on input line 2370.
LaTeX Info: Redefining \Crefrange on input line 2370.
LaTeX Info: Redefining \cpageref on input line 2370.
LaTeX Info: Redefining \Cpageref on input line 2370.
LaTeX Info: Redefining \cpagerefrange on input line 2370.
LaTeX Info: Redefining \Cpagerefrange on input line 2370.
LaTeX Info: Redefining \labelcref on input line 2370.
LaTeX Info: Redefining \labelcpageref on input line 2370.
Package cleveref Info: `amsthm' support loaded on input line 3026.
Package cleveref Info: `listings' support loaded on input line 3131.
)
(C:\Users\zahnd\AppData\Roaming\MiKTeX\2.9\tex/latex/caption\subcaption.sty
Package: subcaption 2020/10/07 v1.3j Sub-captions (AR)

(C:\Users\zahnd\AppData\Roaming\MiKTeX\2.9\tex/latex/caption\caption.sty
Package: caption 2020/10/26 v3.5g Customizing captions (AR)

(C:\Users\zahnd\AppData\Roaming\MiKTeX\2.9\tex/latex/caption\caption3.sty
Package: caption3 2020/10/21 v2.2e caption3 kernel (AR)
\captionmargin=\dimen286
\captionmargin@=\dimen287
\captionwidth=\dimen288
\caption@tempdima=\dimen289
\caption@indent=\dimen290
\caption@parindent=\dimen291
\caption@hangindent=\dimen292
Package caption Info: Standard document class detected.
)
\c@caption@flags=\count327
\c@continuedfloat=\count328
Package caption Info: hyperref package is loaded.
Package caption Info: listings package is loaded.
)
\c@subfigure=\count329
\c@subtable=\count330
)
(C:\Users\zahnd\AppData\Roaming\MiKTeX\2.9\tex/latex/mhchem\mhchem.sty
Package: mhchem 2021/12/31 v4.09 for typesetting chemical formulae

(C:\Users\zahnd\AppData\Roaming\MiKTeX\2.9\tex/latex/tools\calc.sty
Package: calc 2017/05/25 v4.3 Infix arithmetic (KKT,FJ)
\calc@Acount=\count331
\calc@Bcount=\count332
\calc@Adimen=\dimen293
\calc@Bdimen=\dimen294
\calc@Askip=\skip62
\calc@Bskip=\skip63
LaTeX Info: Redefining \setlength on input line 80.
LaTeX Info: Redefining \addtolength on input line 81.
\calc@Ccount=\count333
\calc@Cskip=\skip64
)
(C:\Users\zahnd\AppData\Roaming\MiKTeX\2.9\tex/latex/chemgreek\chemgreek.sty
(C:\Users\zahnd\AppData\Roaming\MiKTeX\2.9\tex/latex/l3packages/xparse\xparse.s
ty
Package: xparse 2021-08-27 L3 Experimental document command parser
)
Package: chemgreek 2020/01/16 v1.1a interface for upright Greek letters for use
 in chemistry (CN)
\l__chemgreek_tmpa_int=\count334
\g__chemgreek_tmpa_int=\count335
)
\l__mhchem_ce_distanceFromLastComma_int=\count336
\__mhchem_arrow_extPgfLength_skip=\skip65
\mhchem@minispace@tmp=\skip66
\mhchem@minibackspace@tmp=\skip67
\mhchem@bondwidth=\skip68
\mhchem@bondheight=\skip69
\mhchem@smallbondwidth@tmpA=\skip70
\mhchem@smallbondwidth@tmpB=\skip71
\mhchem@smallbondwidth=\skip72
\mhchem@bondtmp@minussidebearingleft=\skip73
\mhchem@bondtmp@minussidebearingright=\skip74
\l__mhchem_option_version_int=\count337
\mhchem@option@minusmathsidebearingleft=\dimen295
\mhchem@option@minusmathsidebearingright=\dimen296
\mhchem@option@minustextsidebearingleft=\dimen297
\mhchem@option@minustextsidebearingright=\dimen298


Package mhchem Warning: You did not specify a 'version' option for the mhchem
(mhchem)                package. Please write \usepackage[version=4]{mhchem}
(mhchem)                in your preamble (or any lower number for
(mhchem)                compatibility mode), because you might get slightly
(mhchem)                different output with the same input in future versions
.

) (C:\Users\zahnd\AppData\Roaming\MiKTeX\2.9\tex/latex/mathtools\mathtools.sty
Package: mathtools 2021/04/12 v1.27 mathematical typesetting tools

(C:\Users\zahnd\AppData\Roaming\MiKTeX\2.9\tex/latex/mathtools\mhsetup.sty
Package: mhsetup 2021/03/18 v1.4 programming setup (MH)
)
LaTeX Info: Thecontrolsequence`\('isalreadyrobust on input line 130.
LaTeX Info: Thecontrolsequence`\)'isalreadyrobust on input line 130.
LaTeX Info: Thecontrolsequence`\['isalreadyrobust on input line 130.
LaTeX Info: Thecontrolsequence`\]'isalreadyrobust on input line 130.
\g_MT_multlinerow_int=\count338
\l_MT_multwidth_dim=\dimen299
\origjot=\skip75
\l_MT_shortvdotswithinadjustabove_dim=\dimen300
\l_MT_shortvdotswithinadjustbelow_dim=\dimen301
\l_MT_above_intertext_sep=\dimen302
\l_MT_below_intertext_sep=\dimen303
\l_MT_above_shortintertext_sep=\dimen304
\l_MT_below_shortintertext_sep=\dimen305
\xmathstrut@box=\box76
\xmathstrut@dim=\dimen306
)
(C:\Users\zahnd\AppData\Roaming\MiKTeX\2.9\tex/latex/wrapfig\wrapfig.sty
\wrapoverhang=\dimen307
\WF@size=\dimen308
\c@WF@wrappedlines=\count339
\WF@box=\box77
\WF@everypar=\toks45
Package: wrapfig 2003/01/31  v 3.6
)
(C:\Users\zahnd\AppData\Roaming\MiKTeX\2.9\tex/latex/cprotect\cprotect.sty
Package: cprotect 2011/01/27 v1.0e (Bruno Le Floch)

(C:\Users\zahnd\AppData\Roaming\MiKTeX\2.9\tex/latex/bigfoot\suffix.sty
Package: suffix 2006/07/15 1.5a Variant command support
)
\CPT@WriteOut=\write4
\c@CPT@WriteCount=\count340
\c@CPT@numB=\count341
\CPT@commandatend@toks=\toks46
)
(C:\Users\zahnd\AppData\Roaming\MiKTeX\2.9\tex/latex/doublestroke\dsfont.sty
Package: dsfont 1995/08/01 v0.1 Double stroke roman fonts
))
(commands.tex
\c@tm=\count342
) (thesis_main.aux)
\openout1 = `thesis_main.aux'.

LaTeX Font Info:    Checking defaults for OML/cmm/m/it on input line 8.
LaTeX Font Info:    ... okay on input line 8.
LaTeX Font Info:    Checking defaults for OMS/cmsy/m/n on input line 8.
LaTeX Font Info:    ... okay on input line 8.
LaTeX Font Info:    Checking defaults for OT1/cmr/m/n on input line 8.
LaTeX Font Info:    ... okay on input line 8.
LaTeX Font Info:    Checking defaults for T1/cmr/m/n on input line 8.
LaTeX Font Info:    ... okay on input line 8.
LaTeX Font Info:    Checking defaults for TS1/cmr/m/n on input line 8.
LaTeX Font Info:    ... okay on input line 8.
LaTeX Font Info:    Checking defaults for OMX/cmex/m/n on input line 8.
LaTeX Font Info:    ... okay on input line 8.
LaTeX Font Info:    Checking defaults for U/cmr/m/n on input line 8.
LaTeX Font Info:    ... okay on input line 8.
LaTeX Font Info:    Checking defaults for PD1/pdf/m/n on input line 8.
LaTeX Font Info:    ... okay on input line 8.
LaTeX Font Info:    Checking defaults for PU/pdf/m/n on input line 8.
LaTeX Font Info:    ... okay on input line 8.

(C:\Users\zahnd\AppData\Roaming\MiKTeX\2.9\tex/context/base/mkii\supp-pdf.mkii
[Loading MPS to PDF converter (version 2006.09.02).]
\scratchcounter=\count343
\scratchdimen=\dimen309
\scratchbox=\box78
\nofMPsegments=\count344
\nofMParguments=\count345
\everyMPshowfont=\toks47
\MPscratchCnt=\count346
\MPscratchDim=\dimen310
\MPnumerator=\count347
\makeMPintoPDFobject=\count348
\everyMPtoPDFconversion=\toks48
)
(C:\Users\zahnd\AppData\Roaming\MiKTeX\2.9\tex/latex/epstopdf-pkg\epstopdf-base
.sty
Package: epstopdf-base 2020-01-24 v2.11 Base part for package epstopdf
Package epstopdf-base Info: Redefining graphics rule for `.eps' on input line 4
85.
 (C:\Program Files\MiKTeX 2.9\tex/latex/00miktex\epstopdf-sys.cfg
File: epstopdf-sys.cfg 2021/03/18 v2.0 Configuration of epstopdf for MiKTeX
))
(C:\Users\zahnd\AppData\Roaming\MiKTeX\2.9\tex/latex/translations/dicts\transla
tions-basic-dictionary-english.trsl
File: translations-basic-dictionary-english.trsl (english translation file `tra
nslations-basic-dictionary')
)
Package translations Info: loading dictionary `translations-basic-dictionary' f
or `english'. on input line 8.

(C:\Users\zahnd\AppData\Roaming\MiKTeX\2.9\tex/latex/translations/dicts\transla
tions-basic-dictionary-german.trsl
File: translations-basic-dictionary-german.trsl (german translation file `trans
lations-basic-dictionary')
)
Package translations Info: loading dictionary `translations-basic-dictionary' f
or `german'. on input line 8.
\c@lstlisting=\count349

*geometry* driver: auto-detecting
*geometry* detected driver: pdftex
*geometry* verbose mode - [ preamble ] result:
* driver: pdftex
* paper: a4paper
* layout: <same size as paper>
* layoutoffset:(h,v)=(0.0pt,0.0pt)
* modes: 
* h-part:(L,W,R)=(89.62709pt, 418.25368pt, 89.6271pt)
* v-part:(T,H,B)=(101.40665pt, 591.5302pt, 152.11pt)
* \paperwidth=597.50787pt
* \paperheight=845.04684pt
* \textwidth=418.25368pt
* \textheight=591.5302pt
* \oddsidemargin=17.3571pt
* \evensidemargin=17.3571pt
* \topmargin=-7.86334pt
* \headheight=12.0pt
* \headsep=25.0pt
* \topskip=12.0pt
* \footskip=30.0pt
* \marginparwidth=35.0pt
* \marginparsep=10.0pt
* \columnsep=10.0pt
* \skip\footins=10.8pt plus 4.0pt minus 2.0pt
* \hoffset=0.0pt
* \voffset=0.0pt
* \mag=1000
* \@twocolumnfalse
* \@twosidefalse
* \@mparswitchfalse
* \@reversemarginfalse
* (1in=72.27pt=25.4mm, 1cm=28.453pt)

Package hyperref Info: Link coloring OFF on input line 8.
(C:\Program Files\MiKTeX 2.9\tex/latex/hyperref\nameref.sty
Package: nameref 2021-04-02 v2.47 Cross-referencing by name of section

(C:\Users\zahnd\AppData\Roaming\MiKTeX\2.9\tex/latex/refcount\refcount.sty
Package: refcount 2019/12/15 v3.6 Data extraction from label references (HO)
)
(C:\Users\zahnd\AppData\Roaming\MiKTeX\2.9\tex/generic/gettitlestring\gettitles
tring.sty
Package: gettitlestring 2019/12/15 v1.6 Cleanup title references (HO)
)
\c@section@level=\count350
)
LaTeX Info: Redefining \ref on input line 8.
LaTeX Info: Redefining \pageref on input line 8.
LaTeX Info: Redefining \nameref on input line 8.
 (thesis_main.out) (thesis_main.out)
\@outlinefile=\write5
\openout5 = `thesis_main.out'.

Package caption Info: Begin \AtBeginDocument code.
Package caption Info: wrapfig package is loaded.
Package caption Info: End \AtBeginDocument code.

Package chemgreek Info: Activating mapping `default' on line 8.

 (titlepage.tex
*geometry* verbose mode - [ newgeometry ] result:
* driver: pdftex
* paper: a4paper
* layout: <same size as paper>
* layoutoffset:(h,v)=(0.0pt,0.0pt)
* modes: 
* h-part:(L,W,R)=(113.81102pt, 369.88583pt, 113.81102pt)
* v-part:(T,H,B)=(101.40665pt, 591.5302pt, 152.11pt)
* \paperwidth=597.50787pt
* \paperheight=845.04684pt
* \textwidth=369.88583pt
* \textheight=591.5302pt
* \oddsidemargin=41.54103pt
* \evensidemargin=41.54103pt
* \topmargin=-7.86334pt
* \headheight=12.0pt
* \headsep=25.0pt
* \topskip=12.0pt
* \footskip=30.0pt
* \marginparwidth=35.0pt
* \marginparsep=10.0pt
* \columnsep=10.0pt
* \skip\footins=10.8pt plus 4.0pt minus 2.0pt
* \hoffset=0.0pt
* \voffset=0.0pt
* \mag=1000
* \@twocolumnfalse
* \@twosidefalse
* \@mparswitchfalse
* \@reversemarginfalse
* (1in=72.27pt=25.4mm, 1cm=28.453pt)

 [1


{C:/Users/zahnd/AppData/Local/MiKTeX/2.9/pdftex/config/pdftex.map}])pdfTeX warn
ing (ext4): destination with the same identifier (name{page.1}) has been alread
y used, duplicate ignored
<to be read again> 
                   \relax 
l.14 \newpage
              [1] (abstract.texpdfTeX warning (ext4): destination with the same
 identifier (name{page.1}) has been already used, duplicate ignored
<to be read again> 
                   \relax 
l.4 \end{abstract}
                   [1])pdfTeX warning (ext4): destination with the same identif
ier (name{page.1}) has been already used, duplicate ignored
<to be read again> 
                   \relax 
l.20 \newpage
              [1] (abstract_german.texpdfTeX warning (ext4): destination with t
he same identifier (name{page.1}) has been already used, duplicate ignored
<to be read again> 
                   \relax 
l.5 \end{abstract}
                   [1])pdfTeX warning (ext4): destination with the same identif
ier (name{page.1}) has been already used, duplicate ignored
<to be read again> 
                   \relax 
l.26 \newpage
              [1] (thesis_main.toc
LaTeX Font Info:    Trying to load font information for U+msa on input line 5.

(C:\Program Files\MiKTeX 2.9\tex/latex/amsfonts\umsa.fd
File: umsa.fd 2013/01/14 v3.01 AMS symbols A
)
LaTeX Font Info:    Trying to load font information for U+msb on input line 5.

(C:\Program Files\MiKTeX 2.9\tex/latex/amsfonts\umsb.fd
File: umsb.fd 2013/01/14 v3.01 AMS symbols B
) [1

]
Overfull \hbox (4.93529pt too wide) in paragraph at lines 63--63
 [][] [][]\OT1/cmr/m/n/12 Construction of a piece-wise ra-tio-nal quadratic spl
ine 
 []

[2]
Overfull \hbox (7.12004pt too wide) in paragraph at lines 106--106
 [][] [][]\OT1/cmr/m/n/12 Experiment 6: Track-ing pa-ram-e-ter evo-lu-tion dur-
ing penum- 
 []

[3])
\tf@toc=\write6
\openout6 = `thesis_main.toc'.

 [4]
Chapter 1.
<figures/SunEarth.pdf, id=572, 430.60875pt x 200.23636pt>
File: figures/SunEarth.pdf Graphic file (type pdf)
<use figures/SunEarth.pdf>
Package pdftex.def Info: figures/SunEarth.pdf  used on input line 42.
(pdftex.def)             Requested size: 227.62204pt x 105.84673pt.

LaTeX Warning: `h' float specifier changed to `ht'.

pdfTeX warning (ext4): destination with the same identifier (name{page.1}) has 
been already used, duplicate ignored
<to be read again> 
                   \relax 
l.51 
      [1

]
<figures/Sunspots.pdf, id=586, 445.665pt x 230.36063pt>
File: figures/Sunspots.pdf Graphic file (type pdf)
<use figures/Sunspots.pdf>
Package pdftex.def Info: figures/Sunspots.pdf  used on input line 58.
(pdftex.def)             Requested size: 284.52756pt x 147.07175pt.
 [2 <./figures/SunEarth.pdf>]
<figures/Sunspotsschematic.pdf, id=601, 385.44pt x 187.45032pt>
File: figures/Sunspotsschematic.pdf Graphic file (type pdf)
<use figures/Sunspotsschematic.pdf>
Package pdftex.def Info: figures/Sunspotsschematic.pdf  used on input line 67.
(pdftex.def)             Requested size: 312.98033pt x 152.21146pt.
<figures/bipolarSunspots.pdf, id=607, 347.2975pt x 235.2539pt>
File: figures/bipolarSunspots.pdf Graphic file (type pdf)
<use figures/bipolarSunspots.pdf>
Package pdftex.def Info: figures/bipolarSunspots.pdf  used on input line 74.
(pdftex.def)             Requested size: 284.52756pt x 192.74072pt.

Overfull \hbox (6.51952pt too wide) in paragraph at lines 64--79
\OT1/cmr/m/n/12 per-a-tures com-pared to the undis-turbed pho-to-sphere. [[],
 []

[3 <./figures/Sunspots.pdf> <./figures/Sunspotsschematic.pdf>] [4 <./figures/bi
polarSunspots.pdf>] [5] [6]
Chapter 2.
[7

] [8] [9]
<figures/isotropicrad.pdf, id=684, 332.74312pt x 165.7599pt>
File: figures/isotropicrad.pdf Graphic file (type pdf)
<use figures/isotropicrad.pdf>
Package pdftex.def Info: figures/isotropicrad.pdf  used on input line 161.
(pdftex.def)             Requested size: 227.62204pt x 113.39307pt.


LaTeX Warning: `h' float specifier changed to `ht'.

[10] [11 <./figures/isotropicrad.pdf>]
<figures/radiative-transfer-equation.pdf, id=708, 310.15875pt x 225.38501pt>
File: figures/radiative-transfer-equation.pdf Graphic file (type pdf)
<use figures/radiative-transfer-equation.pdf>
Package pdftex.def Info: figures/radiative-transfer-equation.pdf  used on input
 line 185.
(pdftex.def)             Requested size: 227.62204pt x 165.40665pt.
 [12 <./figures/radiative-transfer-equation.pdf>]
<figures/outward-inward-radiation.pdf, id=721, 399.99437pt x 390.25487pt>
File: figures/outward-inward-radiation.pdf Graphic file (type pdf)
<use figures/outward-inward-radiation.pdf>
Package pdftex.def Info: figures/outward-inward-radiation.pdf  used on input li
ne 207.
(pdftex.def)             Requested size: 227.62204pt x 222.08434pt.


LaTeX Warning: `!h' float specifier changed to `!ht'.

[13] [14 <./figures/outward-inward-radiation.pdf>] [15] [16] [17]
Overfull \hbox (0.33838pt too wide) in paragraph at lines 276--276
\OT1/cmr/m/n/12 Recalling the above given power se-ries form for the source fun
c-tion $\OML/cmm/m/it/12 S[]\OT1/cmr/m/n/12 (\OML/cmm/m/it/12 []\OT1/cmr/m/n/1
2 )$,
 []

<figures/energystates.pdf, id=782, 384.93813pt x 180.64365pt>
File: figures/energystates.pdf Graphic file (type pdf)
<use figures/energystates.pdf>
Package pdftex.def Info: figures/energystates.pdf  used on input line 334.
(pdftex.def)             Requested size: 341.43306pt x 160.24036pt.
[18]
<figures/spectrallineformation.pdf, id=795, 317.68687pt x 284.68076pt>
File: figures/spectrallineformation.pdf Graphic file (type pdf)
<use figures/spectrallineformation.pdf>
Package pdftex.def Info: figures/spectrallineformation.pdf  used on input line 
342.
(pdftex.def)             Requested size: 284.52756pt x 254.98967pt.


LaTeX Warning: `h' float specifier changed to `ht'.

[19 <./figures/energystates.pdf>] [20 <./figures/spectrallineformation.pdf>]
[21] [22]
<figures/stokesvector.pdf, id=984, 211.79126pt x 209.47794pt>
File: figures/stokesvector.pdf Graphic file (type pdf)
<use figures/stokesvector.pdf>
Package pdftex.def Info: figures/stokesvector.pdf  used on input line 382.
(pdftex.def)             Requested size: 128.0374pt x 126.64343pt.
LaTeX Font Info:    Trying to load font information for U+dsrom on input line 3
90.

(C:\Users\zahnd\AppData\Roaming\MiKTeX\2.9\tex/latex/doublestroke\udsrom.fd
File: Udsrom.fd 1995/08/01 v0.1 Double stroke roman font definitions
)
[23 <./figures/stokesvector.pdf>] [24]
Overfull \hbox (0.55501pt too wide) in paragraph at lines 437--437
\OT1/cmr/m/n/12 Through re-ar-range-ment of the equa-tion and mul-ti-pli-ca-tio
n with $[](\OML/cmm/m/it/12 []; []\OT1/cmr/m/n/12 )$,
 []

[25] [26] [27]
<figures/voightprofile.pdf, id=1058, 289.08pt x 216.81pt>
File: figures/voightprofile.pdf Graphic file (type pdf)
<use figures/voightprofile.pdf>
Package pdftex.def Info: figures/voightprofile.pdf  used on input line 464.
(pdftex.def)             Requested size: 181.24608pt x 135.93268pt.
<figures/voightfaradayprofile.pdf, id=1059, 289.08pt x 216.81pt>
File: figures/voightfaradayprofile.pdf Graphic file (type pdf)
<use figures/voightfaradayprofile.pdf>
Package pdftex.def Info: figures/voightfaradayprofile.pdf  used on input line 4
71.
(pdftex.def)             Requested size: 181.24608pt x 135.93268pt.

Overfull \hbox (2.47697pt too wide) in paragraph at lines 459--478
\OT1/cmr/m/n/12 The Voigt and the Faraday-Voigt pro-file func-tions are vi-su-a
l-ized in fig. []2.7[].
 []

[28 <./figures/voightprofile.pdf> <./figures/voightfaradayprofile.pdf>]
<figures/inclinationazimuth.pdf, id=1113, 347.79938pt x 177.66376pt>
File: figures/inclinationazimuth.pdf Graphic file (type pdf)
<use figures/inclinationazimuth.pdf>
Package pdftex.def Info: figures/inclinationazimuth.pdf  used on input line 498
.
(pdftex.def)             Requested size: 227.62204pt x 116.27437pt.

[29 <./figures/inclinationazimuth.pdf>] [30] [31]
Overfull \hbox (13.38835pt too wide) in paragraph at lines 561--561
\OT1/cmr/m/n/12 real pa-ram-e-ter $\OML/cmm/m/it/12 x$\OT1/cmr/m/n/12 . There-f
ore, $\OMS/cmsy/m/n/12  \OML/cmm/m/it/12 e[][][]$ \OT1/cmr/m/n/12 is an an-tide
riva-tive of $\OMS/cmsy/m/n/12  \OML/cmm/m/it/12 e[]$\OT1/cmr/m/n/12 .
 []

[32]

LaTeX Warning: `h' float specifier changed to `ht'.

[33] [34] [35] [36] [37]
Chapter 3.
[38

]
Overfull \hbox (6.2561pt too wide) in paragraph at lines 687--688
\OT1/cmr/m/n/12 tion by the so-called in-for-ma-tion en-tropy given by [[],
 []

[39]
<figures/neuronperceptron.pdf, id=1222, 573.64313pt x 245.1581pt>
File: figures/neuronperceptron.pdf Graphic file (type pdf)
<use figures/neuronperceptron.pdf>
Package pdftex.def Info: figures/neuronperceptron.pdf  used on input line 705.
(pdftex.def)             Requested size: 369.88583pt x 158.08273pt.
 [40]
<figures/SLP.pdf, id=1234, 257.46187pt x 176.15813pt>
File: figures/SLP.pdf Graphic file (type pdf)
<use figures/SLP.pdf>
Package pdftex.def Info: figures/SLP.pdf  used on input line 717.
(pdftex.def)             Requested size: 227.62204pt x 155.74536pt.


LaTeX Warning: `!h' float specifier changed to `!ht'.

[41 <./figures/neuronperceptron.pdf>]
<figures/MLP.pdf, id=1269, 648.92438pt x 449.0409pt>
File: figures/MLP.pdf Graphic file (type pdf)
<use figures/MLP.pdf>
Package pdftex.def Info: figures/MLP.pdf  used on input line 727.
(pdftex.def)             Requested size: 369.88583pt x 255.95596pt.


LaTeX Warning: `!h' float specifier changed to `!ht'.

[42 <./figures/SLP.pdf>]
<figures/gradientdescent.pdf, id=1297, 287.57437pt x 220.57407pt>
File: figures/gradientdescent.pdf Graphic file (type pdf)
<use figures/gradientdescent.pdf>
Package pdftex.def Info: figures/gradientdescent.pdf  used on input line 739.
(pdftex.def)             Requested size: 199.16928pt x 152.77179pt.
 [43 <./figures/MLP.pdf>] [44 <./figures/gradientdescent.pdf>]
<figures/learningcurves.pdf, id=1532, 714.41907pt x 216.44536pt>
File: figures/learningcurves.pdf Graphic file (type pdf)
<use figures/learningcurves.pdf>
Package pdftex.def Info: figures/learningcurves.pdf  used on input line 765.
(pdftex.def)             Requested size: 369.88583pt x 112.06342pt.

Underfull \hbox (badness 1158) in paragraph at lines 766--766
\OT1/cmr/m/n/10 Sketches in-spired by Ja-son Brown-lee, []$\OT1/cmtt/m/n/10 htt
ps : / / machinelearningmastery . com /
 []

[45] [46 <./figures/learningcurves.pdf>]
<figures/ideallearningcurve.pdf, id=1556, 174.6525pt x 188.83832pt>
File: figures/ideallearningcurve.pdf Graphic file (type pdf)
<use figures/ideallearningcurve.pdf>
Package pdftex.def Info: figures/ideallearningcurve.pdf  used on input line 783
.
(pdftex.def)             Requested size: 170.71652pt x 184.59348pt.
 [47 <./figures/ideallearningcurve.pdf>]
<figures/VAE.pdf, id=1571, 408.02437pt x 122.55553pt>
File: figures/VAE.pdf Graphic file (type pdf)
<use figures/VAE.pdf>
Package pdftex.def Info: figures/VAE.pdf  used on input line 800.
(pdftex.def)             Requested size: 256.07481pt x 76.91864pt.


LaTeX Warning: `!h' float specifier changed to `!ht'.

[48]
<figures/GAN.pdf, id=1583, 408.02437pt x 122.55553pt>
File: figures/GAN.pdf Graphic file (type pdf)
<use figures/GAN.pdf>
Package pdftex.def Info: figures/GAN.pdf  used on input line 816.
(pdftex.def)             Requested size: 256.07481pt x 76.91864pt.
 [49 <./figures/VAE.pdf>]
<figures/Flow.pdf, id=1615, 408.02437pt x 77.38678pt>
File: figures/Flow.pdf Graphic file (type pdf)
<use figures/Flow.pdf>
Package pdftex.def Info: figures/Flow.pdf  used on input line 829.
(pdftex.def)             Requested size: 256.07481pt x 48.5697pt.
 [50 <./figures/GAN.pdf>] [51 <./figures/Flow.pdf>] [52] [53] [54]
<figures/normflow.pdf, id=1710, 392.96812pt x 286.97447pt>
File: figures/normflow.pdf Graphic file (type pdf)
<use figures/normflow.pdf>
Package pdftex.def Info: figures/normflow.pdf  used on input line 933.
(pdftex.def)             Requested size: 284.52756pt x 207.795pt.


LaTeX Warning: `h' float specifier changed to `ht'.

[55]
Overfull \hbox (0.10477pt too wide) in paragraph at lines 939--940
\OT1/cmr/m/n/12 one can eas-ily cal-cu-late sam-ples from the normalizing-flow-
approximation
 []

[56 <./figures/normflow.pdf>]
<figures/normflowconditional.pdf, id=1735, 573.64313pt x 286.97447pt>
File: figures/normflowconditional.pdf Graphic file (type pdf)
<use figures/normflowconditional.pdf>
Package pdftex.def Info: figures/normflowconditional.pdf  used on input line 96
2.
(pdftex.def)             Requested size: 369.88583pt x 185.04675pt.

Underfull \hbox (badness 1303) in paragraph at lines 963--963
[]\OT1/cmr/bx/n/10 Figure 3.11: |\OT1/cmr/m/n/10 Con-cep-tual prin-ci-ple of a 
con-di-tional nor-mal-iz-ing flow $\OML/cmm/b/it/10 z \OT1/cmr/m/n/10 =
 []

[57] [58 <./figures/normflowconditional.pdf>]
<figures/normflows.pdf, id=1756, 498.36188pt x 158.46703pt>
File: figures/normflows.pdf Graphic file (type pdf)
<use figures/normflows.pdf>
Package pdftex.def Info: figures/normflows.pdf  used on input line 991.
(pdftex.def)             Requested size: 369.88583pt x 117.61678pt.


LaTeX Warning: `!h' float specifier changed to `!ht'.

[59]
\openout4 = `thesis_main-1.cpt'.

 (thesis_main-1.cpt)
Underfull \hbox (badness 2626) in paragraph at lines 1008--1008
\OT1/cmr/m/n/10 au-thor at []$\OT1/cmtt/m/n/10 https : / / github . com / danie
lzahnd / master-[]thesis / tree / main / code /
 []

[60 <./figures/normflows.pdf>]

LaTeX Font Warning: Command \footnotesize invalid in math mode on input line 10
13.


LaTeX Font Warning: Command \footnotesize invalid in math mode on input line 10
13.


LaTeX Font Warning: Command \footnotesize invalid in math mode on input line 10
36.


LaTeX Font Warning: Command \footnotesize invalid in math mode on input line 10
36.


LaTeX Font Warning: Command \scriptsize invalid in math mode on input line 1042
.


LaTeX Font Warning: Command \scriptsize invalid in math mode on input line 1042
.

[61] [62]

LaTeX Font Warning: Command \footnotesize invalid in math mode on input line 10
69.


LaTeX Font Warning: Command \footnotesize invalid in math mode on input line 10
69.


Overfull \hbox (2.61pt too wide) in paragraph at lines 1082--1082
[]\OT1/cmr/bx/n/17.28 Piecewise ra-tio-nal quadratic spline nor-
 []

[63]
Overfull \hbox (6.20193pt too wide) in paragraph at lines 1085--1086
[]\OT1/cmr/m/n/12 Hence, [[], p.4] in-tro-duce piece-wise ra-tio-nal quadratic
 []


LaTeX Font Warning: Command \footnotesize invalid in math mode on input line 10
92.


LaTeX Font Warning: Command \footnotesize invalid in math mode on input line 10
92.

[64]

LaTeX Font Warning: Command \scriptsize invalid in math mode on input line 1122
.


LaTeX Font Warning: Command \scriptsize invalid in math mode on input line 1122
.

[65] [66]
Chapter 4.

Underfull \hbox (badness 10000) in paragraph at lines 1147--1147
[][][]\OT1/cmr/m/n/10 See []$\OT1/cmtt/m/n/10 https : / / github . com / daniel
zahnd / master-[]thesis / tree / main / code /
 []

[67

]
<figures/target-to-base.pdf, id=1888, 845.04686pt x 339.19618pt>
File: figures/target-to-base.pdf Graphic file (type pdf)
<use figures/target-to-base.pdf>
Package pdftex.def Info: figures/target-to-base.pdf  used on input line 1158.
(pdftex.def)             Requested size: 312.98033pt x 125.63pt.
<figures/nf-moons-example-loss.pdf, id=1894, 505.89pt x 289.08pt>
File: figures/nf-moons-example-loss.pdf Graphic file (type pdf)
<use figures/nf-moons-example-loss.pdf>
Package pdftex.def Info: figures/nf-moons-example-loss.pdf  used on input line 
1171.
(pdftex.def)             Requested size: 227.62204pt x 130.07155pt.


LaTeX Warning: `!h' float specifier changed to `!ht'.

<figures/nf-moons-example-plots.pdf, id=1895, 1040.68805pt x 346.89601pt>
File: figures/nf-moons-example-plots.pdf Graphic file (type pdf)
<use figures/nf-moons-example-plots.pdf>
Package pdftex.def Info: figures/nf-moons-example-plots.pdf  used on input line
 1178.
(pdftex.def)             Requested size: 369.88583pt x 123.2945pt.

LaTeX Warning: `!h' float specifier changed to `!ht'.

[68 <./figures/target-to-base.pdf>] [69 <./figures/nf-moons-example-loss.pdf> <
./figures/nf-moons-example-plots.pdf>] [70]
<figures/nf-linear-regression-example-linesamples.pdf, id=1968, 505.89pt x 289.
08pt>
File: figures/nf-linear-regression-example-linesamples.pdf Graphic file (type p
df)
<use figures/nf-linear-regression-example-linesamples.pdf>
Package pdftex.def Info: figures/nf-linear-regression-example-linesamples.pdf  
used on input line 1201.
(pdftex.def)             Requested size: 227.62204pt x 130.07155pt.
 [71 <./figures/nf-linear-regression-example-linesamples.pdf>]
Underfull \hbox (badness 10000) in paragraph at lines 1213--1213
[][][]\OT1/cmr/m/n/10 The code which pro-duced the pre-sented re-sults is avail
-able at
 []


Underfull \hbox (badness 10000) in paragraph at lines 1213--1213
[]$\OT1/cmtt/m/n/10 https : / / github . com / danielzahnd / master-[]thesis / 
tree / main / code /
 []

<figures/nf-linear-regression-example-loss.pdf, id=1997, 505.89pt x 289.08pt>
File: figures/nf-linear-regression-example-loss.pdf Graphic file (type pdf)
<use figures/nf-linear-regression-example-loss.pdf>
Package pdftex.def Info: figures/nf-linear-regression-example-loss.pdf  used on
 input line 1219.
(pdftex.def)             Requested size: 227.62204pt x 130.07155pt.

LaTeX Warning: `!h' float specifier changed to `!ht'.

<figures/nf-linear-regression-example-calctargetdensities.pdf, id=1998, 1084.05
pt x 216.81pt>
File: figures/nf-linear-regression-example-calctargetdensities.pdf Graphic file
 (type pdf)
<use figures/nf-linear-regression-example-calctargetdensities.pdf>
Package pdftex.def Info: figures/nf-linear-regression-example-calctargetdensiti
es.pdf  used on input line 1226.
(pdftex.def)             Requested size: 369.88583pt x 73.97577pt.

LaTeX Warning: `!h' float specifier changed to `!ht'.

<figures/nf-linear-regression-example-calcbasedensities.pdf, id=1999, 1084.05pt
 x 216.81pt>
File: figures/nf-linear-regression-example-calcbasedensities.pdf Graphic file (
type pdf)
<use figures/nf-linear-regression-example-calcbasedensities.pdf>
Package pdftex.def Info: figures/nf-linear-regression-example-calcbasedensities
.pdf  used on input line 1233.
(pdftex.def)             Requested size: 369.88583pt x 73.97577pt.

LaTeX Warning: `!h' float specifier changed to `!ht'.

<figures/nf-linear-regression-example-corner.pdf, id=2000, 397.485pt x 397.485p
t>
File: figures/nf-linear-regression-example-corner.pdf Graphic file (type pdf)
<use figures/nf-linear-regression-example-corner.pdf>
Package pdftex.def Info: figures/nf-linear-regression-example-corner.pdf  used 
on input line 1242.
(pdftex.def)             Requested size: 181.24608pt x 181.25018pt.
<figures/nf-linear-regression-example-corner-mcmc.pdf, id=2001, 397.485pt x 397
.485pt>
File: figures/nf-linear-regression-example-corner-mcmc.pdf Graphic file (type p
df)
<use figures/nf-linear-regression-example-corner-mcmc.pdf>
Package pdftex.def Info: figures/nf-linear-regression-example-corner-mcmc.pdf  
used on input line 1247.
(pdftex.def)             Requested size: 181.24608pt x 181.25018pt.
\openout4 = `thesis_main-2.cpt'.

(thesis_main-2.cpt) (thesis_main-2.cpt)

LaTeX Warning: `!h' float specifier changed to `!ht'.

<figures/nf-linear-regression-example-corner-mcmc-nf.pdf, id=2002, 397.485pt x 
397.485pt>
File: figures/nf-linear-regression-example-corner-mcmc-nf.pdf Graphic file (typ
e pdf)
<use figures/nf-linear-regression-example-corner-mcmc-nf.pdf>
Package pdftex.def Info: figures/nf-linear-regression-example-corner-mcmc-nf.pd
f  used on input line 1255.
(pdftex.def)             Requested size: 181.24608pt x 181.25018pt.

LaTeX Warning: `!h' float specifier changed to `!ht'.

<figures/nf-linear-regression-example-nfperformance.pdf, id=2003, 433.62pt x 43
3.62pt>
File: figures/nf-linear-regression-example-nfperformance.pdf Graphic file (type
 pdf)
<use figures/nf-linear-regression-example-nfperformance.pdf>
Package pdftex.def Info: figures/nf-linear-regression-example-nfperformance.pdf
  used on input line 1264.
(pdftex.def)             Requested size: 181.24608pt x 181.24577pt.
<figures/nf-linear-regression-example-mcmcperformance.pdf, id=2004, 433.62pt x 
433.62pt>
File: figures/nf-linear-regression-example-mcmcperformance.pdf Graphic file (ty
pe pdf)
<use figures/nf-linear-regression-example-mcmcperformance.pdf>
Package pdftex.def Info: figures/nf-linear-regression-example-mcmcperformance.p
df  used on input line 1269.
(pdftex.def)             Requested size: 181.24608pt x 181.24577pt.
\openout4 = `thesis_main-3.cpt'.

(thesis_main-3.cpt) (thesis_main-3.cpt)

LaTeX Warning: `!h' float specifier changed to `!ht'.

[72] [73 <./figures/nf-linear-regression-example-loss.pdf> <./figures/nf-linear
-regression-example-calctargetdensities.pdf> <./figures/nf-linear-regression-ex
ample-calcbasedensities.pdf>] [74 <./figures/nf-linear-regression-example-corne
r.pdf> <./figures/nf-linear-regression-example-corner-mcmc.pdf> <./figures/nf-l
inear-regression-example-corner-mcmc-nf.pdf>] [75 <./figures/nf-linear-regressi
on-example-nfperformance.pdf> <./figures/nf-linear-regression-example-mcmcperfo
rmance.pdf>] [76]

LaTeX Font Warning: Command \small invalid in math mode on input line 1308.


LaTeX Font Warning: Command \small invalid in math mode on input line 1308.

[77]
Underfull \hbox (badness 10000) in paragraph at lines 1317--1317
[][][]\OT1/cmr/m/n/10 The code which pro-duced the pre-sented re-sults is avail
-able at
 []


Underfull \hbox (badness 10000) in paragraph at lines 1317--1317
[]$\OT1/cmtt/m/n/10 https : / / github . com / danielzahnd / master-[]thesis / 
tree / main / code /
 []

<figures/nf-feature-extraction-example-2-spectra.pdf, id=2191, 722.7pt x 216.81
pt>
File: figures/nf-feature-extraction-example-2-spectra.pdf Graphic file (type pd
f)
<use figures/nf-feature-extraction-example-2-spectra.pdf>
Package pdftex.def Info: figures/nf-feature-extraction-example-2-spectra.pdf  u
sed on input line 1327.
(pdftex.def)             Requested size: 369.88583pt x 110.96532pt.
[78 <./figures/nf-feature-extraction-example-2-spectra.pdf>]
Underfull \hbox (badness 10000) in paragraph at lines 1329--1329
[][][]\OT1/cmr/m/n/10 The code which pro-duced the pre-sented re-sults is avail
-able at
 []


Underfull \hbox (badness 10000) in paragraph at lines 1329--1329
[]$\OT1/cmtt/m/n/10 https : / / github . com / danielzahnd / master-[]thesis / 
tree / main / code /
 []

\openout4 = `thesis_main-4.cpt'.

(thesis_main-4.cpt)
<figures/nf-feature-extraction-example-3-spectra.pdf, id=2215, 722.7pt x 216.81
pt>
File: figures/nf-feature-extraction-example-3-spectra.pdf Graphic file (type pd
f)
<use figures/nf-feature-extraction-example-3-spectra.pdf>
Package pdftex.def Info: figures/nf-feature-extraction-example-3-spectra.pdf  u
sed on input line 1335.
(pdftex.def)             Requested size: 369.88583pt x 110.96532pt.
\openout4 = `thesis_main-5.cpt'.

 (thesis_main-5.cpt) (thesis_main-5.cpt) [79 <./figures/nf-feature-extraction-e
xample-3-spectra.pdf>]
Underfull \hbox (badness 10000) in paragraph at lines 1341--1341
[][][]\OT1/cmr/m/n/10 The code which pro-duced the pre-sented re-sults is avail
-able at
 []


Underfull \hbox (badness 10000) in paragraph at lines 1341--1341
[]$\OT1/cmtt/m/n/10 https : / / github . com / danielzahnd / master-[]thesis / 
tree / main / code /
 []

<figures/nf-feature-extraction-example-1-loss.pdf, id=2236, 505.89pt x 289.08pt
>
File: figures/nf-feature-extraction-example-1-loss.pdf Graphic file (type pdf)
<use figures/nf-feature-extraction-example-1-loss.pdf>
Package pdftex.def Info: figures/nf-feature-extraction-example-1-loss.pdf  used
 on input line 1347.
(pdftex.def)             Requested size: 227.62204pt x 130.07155pt.

LaTeX Warning: `!h' float specifier changed to `!ht'.

<figures/nf-feature-extraction-example-1-corner.pdf, id=2237, 1611.62097pt x 16
11.62097pt>
File: figures/nf-feature-extraction-example-1-corner.pdf Graphic file (type pdf
)
<use figures/nf-feature-extraction-example-1-corner.pdf>
Package pdftex.def Info: figures/nf-feature-extraction-example-1-corner.pdf  us
ed on input line 1354.
(pdftex.def)             Requested size: 369.88583pt x 369.87811pt.
\openout4 = `thesis_main-6.cpt'.

(thesis_main-6.cpt) (thesis_main-6.cpt)

LaTeX Warning: `!h' float specifier changed to `!ht'.

[80]

LaTeX Warning: Text page 81 contains only floats.


Overfull \vbox (0.41946pt too high) has occurred while \output is active []


[81 <./figures/nf-feature-extraction-example-1-loss.pdf> <./figures/nf-feature-
extraction-example-1-corner.pdf>]
<figures/nf-feature-extraction-example-2-loss.pdf, id=2293, 505.89pt x 289.08pt
>
File: figures/nf-feature-extraction-example-2-loss.pdf Graphic file (type pdf)
<use figures/nf-feature-extraction-example-2-loss.pdf>
Package pdftex.def Info: figures/nf-feature-extraction-example-2-loss.pdf  used
 on input line 1369.
(pdftex.def)             Requested size: 227.62204pt x 130.07155pt.


LaTeX Warning: `!h' float specifier changed to `!ht'.

<figures/nf-feature-extraction-example-2-corner.pdf, id=2294, 1611.62097pt x 16
11.62097pt>
File: figures/nf-feature-extraction-example-2-corner.pdf Graphic file (type pdf
)
<use figures/nf-feature-extraction-example-2-corner.pdf>
Package pdftex.def Info: figures/nf-feature-extraction-example-2-corner.pdf  us
ed on input line 1376.
(pdftex.def)             Requested size: 369.88583pt x 369.87811pt.
\openout4 = `thesis_main-7.cpt'.

(thesis_main-7.cpt) (thesis_main-7.cpt)

LaTeX Warning: `!h' float specifier changed to `!ht'.

[82]

LaTeX Warning: Text page 83 contains only floats.


Overfull \vbox (0.41946pt too high) has occurred while \output is active []


[83 <./figures/nf-feature-extraction-example-2-loss.pdf> <./figures/nf-feature-
extraction-example-2-corner.pdf>]
<figures/nf-feature-extraction-example-3-loss.pdf, id=2341, 505.89pt x 289.08pt
>
File: figures/nf-feature-extraction-example-3-loss.pdf Graphic file (type pdf)
<use figures/nf-feature-extraction-example-3-loss.pdf>
Package pdftex.def Info: figures/nf-feature-extraction-example-3-loss.pdf  used
 on input line 1390.
(pdftex.def)             Requested size: 227.62204pt x 130.07155pt.
<figures/nf-feature-extraction-example-3-corner.pdf, id=2342, 1611.62097pt x 16
11.62097pt>
File: figures/nf-feature-extraction-example-3-corner.pdf Graphic file (type pdf
)
<use figures/nf-feature-extraction-example-3-corner.pdf>
Package pdftex.def Info: figures/nf-feature-extraction-example-3-corner.pdf  us
ed on input line 1397.
(pdftex.def)             Requested size: 369.88583pt x 369.87811pt.
\openout4 = `thesis_main-8.cpt'.

 (thesis_main-8.cpt) (thesis_main-8.cpt)

LaTeX Warning: `!h' float specifier changed to `!ht'.

[84 <./figures/nf-feature-extraction-example-3-loss.pdf>] [85 <./figures/nf-fea
ture-extraction-example-3-corner.pdf>]
<figures/nf-feature-extraction-example-3-spectra-max-variance.pdf, id=2390, 722
.7pt x 216.81pt>
File: figures/nf-feature-extraction-example-3-spectra-max-variance.pdf Graphic 
file (type pdf)
<use figures/nf-feature-extraction-example-3-spectra-max-variance.pdf>
Package pdftex.def Info: figures/nf-feature-extraction-example-3-spectra-max-va
riance.pdf  used on input line 1408.
(pdftex.def)             Requested size: 369.88583pt x 110.96532pt.
\openout4 = `thesis_main-9.cpt'.

 (thesis_main-9.cpt) (thesis_main-9.cpt)
[86 <./figures/nf-feature-extraction-example-3-spectra-max-variance.pdf>]
Chapter 5.

Overfull \hbox (1.52374pt too wide) in paragraph at lines 1417--1418
\OT1/cmr/m/n/12 sub-se-quently in-ter-preted[]. Sev-eral ex-per-i-ments us-ing 
the Milne-Eddington
 []


Underfull \hbox (badness 10000) in paragraph at lines 1419--1419
[][][]\OT1/cmr/m/n/10 See []$\OT1/cmtt/m/n/10 http : / / helio . mssl . ucl . a
c . uk / helio-[]vo / solar _ activity / arstats /
 []


Package siunitx Warning: Unit macro \angstrom has been deprecated in this
(siunitx)                release.
(siunitx)                
(siunitx)                The BIPM have removed this unit from the SI Brochure.
(siunitx)                You should define it yourself using \DeclareSIUnit in
(siunitx)                your source. The current definition is
(siunitx)                
(siunitx)                \DeclareSIUnit\angstrom{\text {}}

[87

] [88]
Underfull \hbox (badness 10000) in paragraph at lines 1452--1452
[][][]\OT1/cmr/m/n/10 The code which pro-duced the pre-sented re-sults is avail
-able at
 []


Underfull \hbox (badness 10000) in paragraph at lines 1452--1452
[]$\OT1/cmtt/m/n/10 https : / / github . com / danielzahnd / master-[]thesis / 
tree / main / code /
 []

[89]
<figures/nf-milne-eddington-example-3-loss-nflows-piecewisequadratic.pdf, id=24
46, 505.89pt x 289.08pt>
File: figures/nf-milne-eddington-example-3-loss-nflows-piecewisequadratic.pdf G
raphic file (type pdf)
<use figures/nf-milne-eddington-example-3-loss-nflows-piecewisequadratic.pdf>
Package pdftex.def Info: figures/nf-milne-eddington-example-3-loss-nflows-piece
wisequadratic.pdf  used on input line 1459.
(pdftex.def)             Requested size: 227.62204pt x 130.07155pt.
<figures/nf-milne-eddington-example-3-corner-spectrum-nf-nflows-piecewisequadra
tic.pdf, id=2447, 1156.32pt x 289.08pt>
File: figures/nf-milne-eddington-example-3-corner-spectrum-nf-nflows-piecewiseq
uadratic.pdf Graphic file (type pdf)
<use figures/nf-milne-eddington-example-3-corner-spectrum-nf-nflows-piecewisequ
adratic.pdf>
Package pdftex.def Info: figures/nf-milne-eddington-example-3-corner-spectrum-n
f-nflows-piecewisequadratic.pdf  used on input line 1466.
(pdftex.def)             Requested size: 369.88583pt x 92.46779pt.
<figures/nf-milne-eddington-example-3-corner-nflows-piecewisequadratic.pdf, id=
2448, 1459.85402pt x 1459.85402pt>
File: figures/nf-milne-eddington-example-3-corner-nflows-piecewisequadratic.pdf
 Graphic file (type pdf)
<use figures/nf-milne-eddington-example-3-corner-nflows-piecewisequadratic.pdf>

Package pdftex.def Info: figures/nf-milne-eddington-example-3-corner-nflows-pie
cewisequadratic.pdf  used on input line 1473.
(pdftex.def)             Requested size: 369.88583pt x 369.8855pt.


LaTeX Warning: `!h' float specifier changed to `!ht'.

[90 <./figures/nf-milne-eddington-example-3-loss-nflows-piecewisequadratic.pdf>
 <./figures/nf-milne-eddington-example-3-corner-spectrum-nf-nflows-piecewisequa
dratic.pdf>] [91 <./figures/nf-milne-eddington-example-3-corner-nflows-piecewis
equadratic.pdf>]
<figures/nf-milne-eddington-example-6-considered-map-pixels-nflows-piecewisequa
dratic.pdf, id=2529, 462.52798pt x 346.89601pt>
File: figures/nf-milne-eddington-example-6-considered-map-pixels-nflows-piecewi
sequadratic.pdf Graphic file (type pdf)
<use figures/nf-milne-eddington-example-6-considered-map-pixels-nflows-piecewis
equadratic.pdf>
Package pdftex.def Info: figures/nf-milne-eddington-example-6-considered-map-pi
xels-nflows-piecewisequadratic.pdf  used on input line 1492.
(pdftex.def)             Requested size: 227.62204pt x 170.71628pt.


LaTeX Warning: `!h' float specifier changed to `!ht'.


Underfull \hbox (badness 10000) in paragraph at lines 1500--1500
[][][]\OT1/cmr/m/n/10 The code which pro-duced the pre-sented re-sults is avail
-able at
 []


Underfull \hbox (badness 10000) in paragraph at lines 1500--1500
[]$\OT1/cmtt/m/n/10 https : / / github . com / danielzahnd / master-[]thesis / 
tree / main / code /
 []

[92]
<figures/nf-milne-eddington-example-6-loss-nflows-piecewisequadratic.pdf, id=25
43, 505.89pt x 289.08pt>
File: figures/nf-milne-eddington-example-6-loss-nflows-piecewisequadratic.pdf G
raphic file (type pdf)
<use figures/nf-milne-eddington-example-6-loss-nflows-piecewisequadratic.pdf>
Package pdftex.def Info: figures/nf-milne-eddington-example-6-loss-nflows-piece
wisequadratic.pdf  used on input line 1507.
(pdftex.def)             Requested size: 227.62204pt x 130.07155pt.


LaTeX Warning: `!h' float specifier changed to `!ht'.

<figures/nf-milne-eddington-example-6-datadistributiontraining-nflows-piecewise
quadratic.pdf, id=2544, 505.89pt x 505.89pt>
File: figures/nf-milne-eddington-example-6-datadistributiontraining-nflows-piec
ewisequadratic.pdf Graphic file (type pdf)
<use figures/nf-milne-eddington-example-6-datadistributiontraining-nflows-piece
wisequadratic.pdf>
Package pdftex.def Info: figures/nf-milne-eddington-example-6-datadistributiont
raining-nflows-piecewisequadratic.pdf  used on input line 1514.
(pdftex.def)             Requested size: 284.52756pt x 284.53154pt.

LaTeX Warning: `!h' float specifier changed to `!ht'.

<figures/nf-milne-eddington-example-6-corner-spectrum-1-nf-nflows-piecewisequad
ratic.pdf, id=2545, 1156.32pt x 289.08pt>
File: figures/nf-milne-eddington-example-6-corner-spectrum-1-nf-nflows-piecewis
equadratic.pdf Graphic file (type pdf)
<use figures/nf-milne-eddington-example-6-corner-spectrum-1-nf-nflows-piecewise
quadratic.pdf>
Package pdftex.def Info: figures/nf-milne-eddington-example-6-corner-spectrum-1
-nf-nflows-piecewisequadratic.pdf  used on input line 1523.
(pdftex.def)             Requested size: 369.88583pt x 92.46779pt.
<figures/nf-milne-eddington-example-6-corner-1-nf-mcmc-nflows-piecewisequadrati
c.pdf, id=2546, 1459.85402pt x 1459.85402pt>
File: figures/nf-milne-eddington-example-6-corner-1-nf-mcmc-nflows-piecewisequa
dratic.pdf Graphic file (type pdf)
<use figures/nf-milne-eddington-example-6-corner-1-nf-mcmc-nflows-piecewisequad
ratic.pdf>
Package pdftex.def Info: figures/nf-milne-eddington-example-6-corner-1-nf-mcmc-
nflows-piecewisequadratic.pdf  used on input line 1528.
(pdftex.def)             Requested size: 369.88583pt x 369.8855pt.
\openout4 = `thesis_main-10.cpt'.

(thesis_main-10.cpt) (thesis_main-10.cpt)

LaTeX Warning: `!h' float specifier changed to `!ht'.

<figures/nf-milne-eddington-example-6-corner-spectrum-2-nf-nflows-piecewisequad
ratic.pdf, id=2547, 1156.32pt x 289.08pt>
File: figures/nf-milne-eddington-example-6-corner-spectrum-2-nf-nflows-piecewis
equadratic.pdf Graphic file (type pdf)
<use figures/nf-milne-eddington-example-6-corner-spectrum-2-nf-nflows-piecewise
quadratic.pdf>
Package pdftex.def Info: figures/nf-milne-eddington-example-6-corner-spectrum-2
-nf-nflows-piecewisequadratic.pdf  used on input line 1539.
(pdftex.def)             Requested size: 369.88583pt x 92.46779pt.
<figures/nf-milne-eddington-example-6-corner-2-nf-mcmc-nflows-piecewisequadrati
c.pdf, id=2548, 1459.85402pt x 1459.85402pt>
File: figures/nf-milne-eddington-example-6-corner-2-nf-mcmc-nflows-piecewisequa
dratic.pdf Graphic file (type pdf)
<use figures/nf-milne-eddington-example-6-corner-2-nf-mcmc-nflows-piecewisequad
ratic.pdf>
Package pdftex.def Info: figures/nf-milne-eddington-example-6-corner-2-nf-mcmc-
nflows-piecewisequadratic.pdf  used on input line 1544.
(pdftex.def)             Requested size: 369.88583pt x 369.8855pt.
\openout4 = `thesis_main-11.cpt'.

(thesis_main-11.cpt) (thesis_main-11.cpt)

LaTeX Warning: `!h' float specifier changed to `!ht'.

<figures/nf-milne-eddington-example-6-corner-spectrum-3-nf-nflows-piecewisequad
ratic.pdf, id=2549, 1156.32pt x 289.08pt>
File: figures/nf-milne-eddington-example-6-corner-spectrum-3-nf-nflows-piecewis
equadratic.pdf Graphic file (type pdf)
<use figures/nf-milne-eddington-example-6-corner-spectrum-3-nf-nflows-piecewise
quadratic.pdf>
Package pdftex.def Info: figures/nf-milne-eddington-example-6-corner-spectrum-3
-nf-nflows-piecewisequadratic.pdf  used on input line 1555.
(pdftex.def)             Requested size: 369.88583pt x 92.46779pt.
<figures/nf-milne-eddington-example-6-corner-3-nf-mcmc-nflows-piecewisequadrati
c.pdf, id=2550, 1459.85402pt x 1459.85402pt>
File: figures/nf-milne-eddington-example-6-corner-3-nf-mcmc-nflows-piecewisequa
dratic.pdf Graphic file (type pdf)
<use figures/nf-milne-eddington-example-6-corner-3-nf-mcmc-nflows-piecewisequad
ratic.pdf>
Package pdftex.def Info: figures/nf-milne-eddington-example-6-corner-3-nf-mcmc-
nflows-piecewisequadratic.pdf  used on input line 1560.
(pdftex.def)             Requested size: 369.88583pt x 369.8855pt.
\openout4 = `thesis_main-12.cpt'.

(thesis_main-12.cpt) (thesis_main-12.cpt)

LaTeX Warning: `!h' float specifier changed to `!ht'.

<figures/nf-milne-eddington-example-6-corner-spectrum-4-nf-nflows-piecewisequad
ratic.pdf, id=2551, 1156.32pt x 289.08pt>
File: figures/nf-milne-eddington-example-6-corner-spectrum-4-nf-nflows-piecewis
equadratic.pdf Graphic file (type pdf)
<use figures/nf-milne-eddington-example-6-corner-spectrum-4-nf-nflows-piecewise
quadratic.pdf>
Package pdftex.def Info: figures/nf-milne-eddington-example-6-corner-spectrum-4
-nf-nflows-piecewisequadratic.pdf  used on input line 1571.
(pdftex.def)             Requested size: 369.88583pt x 92.46779pt.
<figures/nf-milne-eddington-example-6-corner-4-nf-mcmc-nflows-piecewisequadrati
c.pdf, id=2552, 1459.85402pt x 1459.85402pt>
File: figures/nf-milne-eddington-example-6-corner-4-nf-mcmc-nflows-piecewisequa
dratic.pdf Graphic file (type pdf)
<use figures/nf-milne-eddington-example-6-corner-4-nf-mcmc-nflows-piecewisequad
ratic.pdf>
Package pdftex.def Info: figures/nf-milne-eddington-example-6-corner-4-nf-mcmc-
nflows-piecewisequadratic.pdf  used on input line 1576.
(pdftex.def)             Requested size: 369.88583pt x 369.8855pt.
\openout4 = `thesis_main-13.cpt'.

(thesis_main-13.cpt) (thesis_main-13.cpt)

LaTeX Warning: `!h' float specifier changed to `!ht'.

[93 <./figures/nf-milne-eddington-example-6-considered-map-pixels-nflows-piecew
isequadratic.pdf>] [94 <./figures/nf-milne-eddington-example-6-loss-nflows-piec
ewisequadratic.pdf> <./figures/nf-milne-eddington-example-6-datadistributiontra
ining-nflows-piecewisequadratic.pdf>] [95 <./figures/nf-milne-eddington-example
-6-corner-spectrum-1-nf-nflows-piecewisequadratic.pdf> <./figures/nf-milne-eddi
ngton-example-6-corner-1-nf-mcmc-nflows-piecewisequadratic.pdf>] [96 <./figures
/nf-milne-eddington-example-6-corner-spectrum-2-nf-nflows-piecewisequadratic.pd
f> <./figures/nf-milne-eddington-example-6-corner-2-nf-mcmc-nflows-piecewisequa
dratic.pdf>] [97 <./figures/nf-milne-eddington-example-6-corner-spectrum-3-nf-n
flows-piecewisequadratic.pdf> <./figures/nf-milne-eddington-example-6-corner-3-
nf-mcmc-nflows-piecewisequadratic.pdf>] [98 <./figures/nf-milne-eddington-examp
le-6-corner-spectrum-4-nf-nflows-piecewisequadratic.pdf> <./figures/nf-milne-ed
dington-example-6-corner-4-nf-mcmc-nflows-piecewisequadratic.pdf>] [99]
[100] [101]
Underfull \hbox (badness 10000) in paragraph at lines 1604--1604
[][][]\OT1/cmr/m/n/10 The code and data for this ex-per-i-ment are avail-able a
t
 []


Underfull \hbox (badness 10000) in paragraph at lines 1604--1604
[]$\OT1/cmtt/m/n/10 https : / / github . com / danielzahnd / master-[]thesis / 
tree / main / code /
 []

[102]
<figures/argmax.pdf, id=2819, 212.29312pt x 156.27917pt>
File: figures/argmax.pdf Graphic file (type pdf)
<use figures/argmax.pdf>
Package pdftex.def Info: figures/argmax.pdf  used on input line 1620.
(pdftex.def)             Requested size: 184.9429pt x 136.15254pt.


LaTeX Warning: `!h' float specifier changed to `!ht'.


Underfull \hbox (badness 10000) in paragraph at lines 1625--1625
[][][]\OT1/cmr/m/n/10 The code which pro-duced the pre-sented re-sults is avail
-able at
 []


Underfull \hbox (badness 10000) in paragraph at lines 1625--1625
[]$\OT1/cmtt/m/n/10 https : / / github . com / danielzahnd / master-[]thesis / 
tree / main / code /
 []

[103]
<figures/nf-milne-eddington-example-2-loss-nflows-piecewisequadratic.pdf, id=28
32, 505.89pt x 289.08pt>
File: figures/nf-milne-eddington-example-2-loss-nflows-piecewisequadratic.pdf G
raphic file (type pdf)
<use figures/nf-milne-eddington-example-2-loss-nflows-piecewisequadratic.pdf>
Package pdftex.def Info: figures/nf-milne-eddington-example-2-loss-nflows-piece
wisequadratic.pdf  used on input line 1631.
(pdftex.def)             Requested size: 227.62204pt x 130.07155pt.
<figures/nf-milne-eddington-example-2-nflows-piecewisequadratic-comp-ME-NF-test
map1.pdf, id=2833, 722.7pt x 1300.86pt>
File: figures/nf-milne-eddington-example-2-nflows-piecewisequadratic-comp-ME-NF
-testmap1.pdf Graphic file (type pdf)
<use figures/nf-milne-eddington-example-2-nflows-piecewisequadratic-comp-ME-NF-
testmap1.pdf>
Package pdftex.def Info: figures/nf-milne-eddington-example-2-nflows-piecewiseq
uadratic-comp-ME-NF-testmap1.pdf  used on input line 1638.
(pdftex.def)             Requested size: 312.82811pt x 563.07745pt.


LaTeX Warning: Float too large for page by 5.54726pt on input line 1641.


LaTeX Warning: `!h' float specifier changed to `!ht'.

<figures/nf-milne-eddington-example-2-nflows-piecewisequadratic-comp-ME-NF-test
map2.pdf, id=2834, 722.7pt x 1300.86pt>
File: figures/nf-milne-eddington-example-2-nflows-piecewisequadratic-comp-ME-NF
-testmap2.pdf Graphic file (type pdf)
<use figures/nf-milne-eddington-example-2-nflows-piecewisequadratic-comp-ME-NF-
testmap2.pdf>
Package pdftex.def Info: figures/nf-milne-eddington-example-2-nflows-piecewiseq
uadratic-comp-ME-NF-testmap2.pdf  used on input line 1645.
(pdftex.def)             Requested size: 312.82811pt x 563.07745pt.

LaTeX Warning: Float too large for page by 5.54726pt on input line 1648.


LaTeX Warning: `!h' float specifier changed to `!ht'.

[104 <./figures/argmax.pdf> <./figures/nf-milne-eddington-example-2-loss-nflows
-piecewisequadratic.pdf>] [105] [106] [107] [108 <./figures/nf-milne-eddington-
example-2-nflows-piecewisequadratic-comp-ME-NF-testmap1.pdf>] [109 <./figures/n
f-milne-eddington-example-2-nflows-piecewisequadratic-comp-ME-NF-testmap2.pdf>]

Underfull \hbox (badness 1460) in paragraph at lines 1667--1667
[][][]\OT1/cmr/m/n/10 This file can be ac-cessed at []$\OT1/cmtt/m/n/10 https :
 / / drive . google . com / drive / folders /
 []


Underfull \hbox (badness 10000) in paragraph at lines 1667--1667
[][][]\OT1/cmr/m/n/10 See []$\OT1/cmtt/m/n/10 http : / / helio . mssl . ucl . a
c . uk / helio-[]vo / solar _ activity / arstats /
 []

<figures/nf-milne-eddington-example-4-trainingmap-testingmap-nflows-piecewisequ
adratic.pdf, id=3199, 722.7pt x 231.26399pt>
File: figures/nf-milne-eddington-example-4-trainingmap-testingmap-nflows-piecew
isequadratic.pdf Graphic file (type pdf)
<use figures/nf-milne-eddington-example-4-trainingmap-testingmap-nflows-piecewi
sequadratic.pdf>
Package pdftex.def Info: figures/nf-milne-eddington-example-4-trainingmap-testi
ngmap-nflows-piecewisequadratic.pdf  used on input line 1670.
(pdftex.def)             Requested size: 369.88583pt x 118.36299pt.
[110

 <./figures/nf-milne-eddington-example-4-trainingmap-testingmap-nflows-piecewis
equadratic.pdf>]
Underfull \hbox (badness 10000) in paragraph at lines 1676--1676
[][][]\OT1/cmr/m/n/10 The code which pro-duced the pre-sented re-sults is avail
-able at
 []


Underfull \hbox (badness 10000) in paragraph at lines 1676--1676
[]$\OT1/cmtt/m/n/10 https : / / github . com / danielzahnd / master-[]thesis / 
tree / main / code /
 []

<figures/nf-milne-eddington-example-4-loss-nflows-piecewisequadratic.pdf, id=32
37, 505.89pt x 289.08pt>
File: figures/nf-milne-eddington-example-4-loss-nflows-piecewisequadratic.pdf G
raphic file (type pdf)
<use figures/nf-milne-eddington-example-4-loss-nflows-piecewisequadratic.pdf>
Package pdftex.def Info: figures/nf-milne-eddington-example-4-loss-nflows-piece
wisequadratic.pdf  used on input line 1683.
(pdftex.def)             Requested size: 227.62204pt x 130.07155pt.
<figures/nf-milne-eddington-example-4-nflows-piecewisequadratic-comp-paramdens-
traintest-1.pdf, id=3238, 722.7pt x 722.7pt>
File: figures/nf-milne-eddington-example-4-nflows-piecewisequadratic-comp-param
dens-traintest-1.pdf Graphic file (type pdf)
<use figures/nf-milne-eddington-example-4-nflows-piecewisequadratic-comp-paramd
ens-traintest-1.pdf>
Package pdftex.def Info: figures/nf-milne-eddington-example-4-nflows-piecewiseq
uadratic-comp-paramdens-traintest-1.pdf  used on input line 1690.
(pdftex.def)             Requested size: 369.88583pt x 369.88438pt.

LaTeX Warning: `!h' float specifier changed to `!ht'.

<figures/nf-milne-eddington-example-4-nflows-piecewisequadratic-comp-ME-NF-test
map1.pdf, id=3239, 722.7pt x 1300.86pt>
File: figures/nf-milne-eddington-example-4-nflows-piecewisequadratic-comp-ME-NF
-testmap1.pdf Graphic file (type pdf)
<use figures/nf-milne-eddington-example-4-nflows-piecewisequadratic-comp-ME-NF-
testmap1.pdf>
Package pdftex.def Info: figures/nf-milne-eddington-example-4-nflows-piecewiseq
uadratic-comp-ME-NF-testmap1.pdf  used on input line 1697.
(pdftex.def)             Requested size: 312.82811pt x 563.07745pt.

LaTeX Warning: Float too large for page by 5.54726pt on input line 1700.


LaTeX Warning: `!h' float specifier changed to `!ht'.

<figures/nf-milne-eddington-example-4-nflows-piecewisequadratic-comp-ME-NF-test
map2.pdf, id=3240, 722.7pt x 1300.86pt>
File: figures/nf-milne-eddington-example-4-nflows-piecewisequadratic-comp-ME-NF
-testmap2.pdf Graphic file (type pdf)
<use figures/nf-milne-eddington-example-4-nflows-piecewisequadratic-comp-ME-NF-
testmap2.pdf>
Package pdftex.def Info: figures/nf-milne-eddington-example-4-nflows-piecewiseq
uadratic-comp-ME-NF-testmap2.pdf  used on input line 1704.
(pdftex.def)             Requested size: 312.82811pt x 563.07745pt.

LaTeX Warning: Float too large for page by 5.54726pt on input line 1707.


LaTeX Warning: `!h' float specifier changed to `!ht'.

<figures/nf-milne-eddington-example-4-nflows-piecewisequadratic-comp-ME-NF-test
map3.pdf, id=3241, 722.7pt x 1300.86pt>
File: figures/nf-milne-eddington-example-4-nflows-piecewisequadratic-comp-ME-NF
-testmap3.pdf Graphic file (type pdf)
<use figures/nf-milne-eddington-example-4-nflows-piecewisequadratic-comp-ME-NF-
testmap3.pdf>
Package pdftex.def Info: figures/nf-milne-eddington-example-4-nflows-piecewiseq
uadratic-comp-ME-NF-testmap3.pdf  used on input line 1711.
(pdftex.def)             Requested size: 312.82811pt x 563.07745pt.

LaTeX Warning: Float too large for page by 5.54726pt on input line 1714.


LaTeX Warning: `!h' float specifier changed to `!ht'.

[111 <./figures/nf-milne-eddington-example-4-loss-nflows-piecewisequadratic.pdf
>] [112 <./figures/nf-milne-eddington-example-4-nflows-piecewisequadratic-comp-
paramdens-traintest-1.pdf>] [113] [114] [115 <./figures/nf-milne-eddington-exam
ple-4-nflows-piecewisequadratic-comp-ME-NF-testmap1.pdf>] [116 <./figures/nf-mi
lne-eddington-example-4-nflows-piecewisequadratic-comp-ME-NF-testmap2.pdf>]
[117 <./figures/nf-milne-eddington-example-4-nflows-piecewisequadratic-comp-ME-
NF-testmap3.pdf>]
Overfull \hbox (16.3839pt too wide) in paragraph at lines 1730--1730
\OT1/cmr/bx/n/17.28 flow per-for-mance by en-hanc-ing the train-
 []


Underfull \hbox (badness 10000) in paragraph at lines 1737--1737
[][][]\OT1/cmr/m/n/10 The code which pro-duced the pre-sented re-sults is avail
-able at
 []


Underfull \hbox (badness 10000) in paragraph at lines 1737--1737
[]$\OT1/cmtt/m/n/10 https : / / github . com / danielzahnd / master-[]thesis / 
tree / main / code /
 []

<figures/nf-milne-eddington-example-5-loss-1train-nflows-piecewisequadratic.pdf
, id=3768, 505.89pt x 289.08pt>
File: figures/nf-milne-eddington-example-5-loss-1train-nflows-piecewisequadrati
c.pdf Graphic file (type pdf)
<use figures/nf-milne-eddington-example-5-loss-1train-nflows-piecewisequadratic
.pdf>
Package pdftex.def Info: figures/nf-milne-eddington-example-5-loss-1train-nflow
s-piecewisequadratic.pdf  used on input line 1746.
(pdftex.def)             Requested size: 118.36617pt x 67.63826pt.
<figures/nf-milne-eddington-example-5-loss-2train-nflows-piecewisequadratic.pdf
, id=3769, 505.89pt x 289.08pt>
File: figures/nf-milne-eddington-example-5-loss-2train-nflows-piecewisequadrati
c.pdf Graphic file (type pdf)
<use figures/nf-milne-eddington-example-5-loss-2train-nflows-piecewisequadratic
.pdf>
Package pdftex.def Info: figures/nf-milne-eddington-example-5-loss-2train-nflow
s-piecewisequadratic.pdf  used on input line 1753.
(pdftex.def)             Requested size: 118.36617pt x 67.63826pt.
<figures/nf-milne-eddington-example-5-loss-3train-nflows-piecewisequadratic.pdf
, id=3770, 505.89pt x 289.08pt>
File: figures/nf-milne-eddington-example-5-loss-3train-nflows-piecewisequadrati
c.pdf Graphic file (type pdf)
<use figures/nf-milne-eddington-example-5-loss-3train-nflows-piecewisequadratic
.pdf>
Package pdftex.def Info: figures/nf-milne-eddington-example-5-loss-3train-nflow
s-piecewisequadratic.pdf  used on input line 1760.
(pdftex.def)             Requested size: 118.36617pt x 67.63826pt.
[118

] [119 <./figures/nf-milne-eddington-example-5-loss-1train-nflows-piecewisequad
ratic.pdf> <./figures/nf-milne-eddington-example-5-loss-2train-nflows-piecewise
quadratic.pdf> <./figures/nf-milne-eddington-example-5-loss-3train-nflows-piece
wisequadratic.pdf>]
<figures/unimodal_multimodal.pdf, id=3819, 430.60875pt x 162.59573pt>
File: figures/unimodal_multimodal.pdf Graphic file (type pdf)
<use figures/unimodal_multimodal.pdf>
Package pdftex.def Info: figures/unimodal_multimodal.pdf  used on input line 17
76.
(pdftex.def)             Requested size: 284.52757pt x 107.43756pt.
 [120 <./figures/unimodal_multimodal.pdf>]
<figures/nf-milne-eddington-example-5-nflows-piecewisequadratic-comp-ME-NF-map1
9.pdf, id=3830, 867.24pt x 1300.86pt>
File: figures/nf-milne-eddington-example-5-nflows-piecewisequadratic-comp-ME-NF
-map19.pdf Graphic file (type pdf)
<use figures/nf-milne-eddington-example-5-nflows-piecewisequadratic-comp-ME-NF-
map19.pdf>
Package pdftex.def Info: figures/nf-milne-eddington-example-5-nflows-piecewiseq
uadratic-comp-ME-NF-map19.pdf  used on input line 1786.
(pdftex.def)             Requested size: 375.39374pt x 563.07745pt.

Overfull \hbox (5.5079pt too wide) in paragraph at lines 1786--1787
 [][] 
 []


LaTeX Warning: Float too large for page by 5.54726pt on input line 1789.


LaTeX Warning: `h' float specifier changed to `ht'.

<figures/nf-milne-eddington-example-5-nflows-piecewisequadratic-comp-ME-NF-erro
rs.pdf, id=3831, 722.7pt x 1300.86pt>
File: figures/nf-milne-eddington-example-5-nflows-piecewisequadratic-comp-ME-NF
-errors.pdf Graphic file (type pdf)
<use figures/nf-milne-eddington-example-5-nflows-piecewisequadratic-comp-ME-NF-
errors.pdf>
Package pdftex.def Info: figures/nf-milne-eddington-example-5-nflows-piecewiseq
uadratic-comp-ME-NF-errors.pdf  used on input line 1793.
(pdftex.def)             Requested size: 312.82811pt x 563.07745pt.

LaTeX Warning: Float too large for page by 5.54726pt on input line 1796.


LaTeX Warning: `h' float specifier changed to `ht'.

[121] [122 <./figures/nf-milne-eddington-example-5-nflows-piecewisequadratic-co
mp-ME-NF-map19.pdf>] [123 <./figures/nf-milne-eddington-example-5-nflows-piecew
isequadratic-comp-ME-NF-errors.pdf>]
Overfull \hbox (4.9339pt too wide) in paragraph at lines 1799--1799
[]\OT1/cmr/bx/n/17.28 Experiment 6: Track-ing pa-ram-e-ter evo-
 []

<figures/nf-milne-eddington-example-7-considered-map-section-nflows-piecewisequ
adratic.pdf, id=4170, 462.52798pt x 346.89601pt>
File: figures/nf-milne-eddington-example-7-considered-map-section-nflows-piecew
isequadratic.pdf Graphic file (type pdf)
<use figures/nf-milne-eddington-example-7-considered-map-section-nflows-piecewi
sequadratic.pdf>
Package pdftex.def Info: figures/nf-milne-eddington-example-7-considered-map-se
ction-nflows-piecewisequadratic.pdf  used on input line 1805.
(pdftex.def)             Requested size: 227.62204pt x 170.71628pt.

Underfull \hbox (badness 10000) in paragraph at lines 1810--1810
[][][]\OT1/cmr/m/n/10 The code which pro-duced the pre-sented re-sults is avail
-able at
 []


Underfull \hbox (badness 10000) in paragraph at lines 1810--1810
[]$\OT1/cmtt/m/n/10 https : / / github . com / danielzahnd / master-[]thesis / 
tree / main / code /
 []

[124

 <./figures/nf-milne-eddington-example-7-considered-map-section-nflows-piecewis
equadratic.pdf>]
<figures/nf-milne-eddington-example-7-loss-nflows-piecewisequadratic.pdf, id=41
95, 505.89pt x 289.08pt>
File: figures/nf-milne-eddington-example-7-loss-nflows-piecewisequadratic.pdf G
raphic file (type pdf)
<use figures/nf-milne-eddington-example-7-loss-nflows-piecewisequadratic.pdf>
Package pdftex.def Info: figures/nf-milne-eddington-example-7-loss-nflows-piece
wisequadratic.pdf  used on input line 1817.
(pdftex.def)             Requested size: 227.62204pt x 130.07155pt.
<figures/penumbraformation.pdf, id=4201, 498.36188pt x 202.20073pt>
File: figures/penumbraformation.pdf Graphic file (type pdf)
<use figures/penumbraformation.pdf>
Package pdftex.def Info: figures/penumbraformation.pdf  used on input line 1828
.
(pdftex.def)             Requested size: 312.9803pt x 126.98912pt.
 [125 <./figures/nf-milne-eddington-example-7-loss-nflows-piecewisequadratic.pd
f>] [126 <./figures/penumbraformation.pdf>] [127]
<figures/nf-milne-eddington-example-7-evolution1-nflows-piecewisequadratic.pdf,
 id=4359, 867.24pt x 2890.8pt>
File: figures/nf-milne-eddington-example-7-evolution1-nflows-piecewisequadratic
.pdf Graphic file (type pdf)
<use figures/nf-milne-eddington-example-7-evolution1-nflows-piecewisequadratic.
pdf>
Package pdftex.def Info: figures/nf-milne-eddington-example-7-evolution1-nflows
-piecewisequadratic.pdf  used on input line 1844.
(pdftex.def)             Requested size: 168.91924pt x 563.07745pt.


LaTeX Warning: Float too large for page by 17.54726pt on input line 1847.


LaTeX Warning: `h' float specifier changed to `ht'.

<figures/nf-milne-eddington-example-7-evolution2-nflows-piecewisequadratic.pdf,
 id=4360, 1300.86pt x 2890.8pt>
File: figures/nf-milne-eddington-example-7-evolution2-nflows-piecewisequadratic
.pdf Graphic file (type pdf)
<use figures/nf-milne-eddington-example-7-evolution2-nflows-piecewisequadratic.
pdf>
Package pdftex.def Info: figures/nf-milne-eddington-example-7-evolution2-nflows
-piecewisequadratic.pdf  used on input line 1851.
(pdftex.def)             Requested size: 253.37886pt x 563.07745pt.

LaTeX Warning: Float too large for page by 17.54726pt on input line 1854.


LaTeX Warning: `h' float specifier changed to `ht'.

[128] [129 <./figures/nf-milne-eddington-example-7-evolution1-nflows-piecewiseq
uadratic.pdf>] [130 <./figures/nf-milne-eddington-example-7-evolution2-nflows-p
iecewisequadratic.pdf>]
Chapter 6.
[131


] [132]
Chapter 7.

Overfull \hbox (3.88191pt too wide) in paragraph at lines 1874--1874
[]\OT1/cmr/bx/n/17.28 Calculating a pos-te-rior prob-a-bil-ity den-
 []

[133

]

LaTeX Font Warning: Command \small invalid in math mode on input line 1883.


LaTeX Font Warning: Command \small invalid in math mode on input line 1883.


LaTeX Font Warning: Command \small invalid in math mode on input line 1887.


LaTeX Font Warning: Command \small invalid in math mode on input line 1887.

[134] [135] (thesis_main.bbl [136

] [137

] [138]) [139] (thesis_main.aux)
Package rerunfilecheck Info: File `thesis_main.out' has not changed.
(rerunfilecheck)             Checksum: E5112BA4110D26053E2890AFB7828ECD;21568.
 ) 
Here is how much of TeX's memory you used:
 32956 strings out of 478893
 683600 string characters out of 2859058
 943906 words of memory out of 3000000
 49615 multiletter control sequences out of 15000+600000
 420942 words of font info for 96 fonts, out of 8000000 for 9000
 1141 hyphenation exceptions out of 8191
 107i,26n,111p,2912b,950s stack positions out of 5000i,500n,10000p,200000b,80000s
<C:/Program Files/MiKTeX 2.9/fonts/type1/public/amsfonts/cm/cmbsy10.pfb><C:/P
rogram Files/MiKTeX 2.9/fonts/type1/public/amsfonts/cm/cmbx10.pfb><C:/Program F
iles/MiKTeX 2.9/fonts/type1/public/amsfonts/cm/cmbx12.pfb><C:/Program Files/MiK
TeX 2.9/fonts/type1/public/amsfonts/cm/cmbx6.pfb><C:/Program Files/MiKTeX 2.9/f
onts/type1/public/amsfonts/cm/cmbx7.pfb><C:/Program Files/MiKTeX 2.9/fonts/type
1/public/amsfonts/cm/cmbx8.pfb><C:/Program Files/MiKTeX 2.9/fonts/type1/public/
amsfonts/cm/cmex10.pfb><C:/Program Files/MiKTeX 2.9/fonts/type1/public/amsfonts
/cmextra/cmex8.pfb><C:/Program Files/MiKTeX 2.9/fonts/type1/public/amsfonts/cm/
cmmi10.pfb><C:/Program Files/MiKTeX 2.9/fonts/type1/public/amsfonts/cm/cmmi12.p
fb><C:/Program Files/MiKTeX 2.9/fonts/type1/public/amsfonts/cm/cmmi5.pfb><C:/Pr
ogram Files/MiKTeX 2.9/fonts/type1/public/amsfonts/cm/cmmi6.pfb><C:/Program Fil
es/MiKTeX 2.9/fonts/type1/public/amsfonts/cm/cmmi7.pfb><C:/Program Files/MiKTeX
 2.9/fonts/type1/public/amsfonts/cm/cmmi8.pfb><C:/Program Files/MiKTeX 2.9/font
s/type1/public/amsfonts/cm/cmmi9.pfb><C:/Program Files/MiKTeX 2.9/fonts/type1/p
ublic/amsfonts/cm/cmmib10.pfb><C:/Program Files/MiKTeX 2.9/fonts/type1/public/a
msfonts/cmextra/cmmib5.pfb><C:/Program Files/MiKTeX 2.9/fonts/type1/public/amsf
onts/cmextra/cmmib6.pfb><C:/Program Files/MiKTeX 2.9/fonts/type1/public/amsfont
s/cmextra/cmmib7.pfb><C:/Program Files/MiKTeX 2.9/fonts/type1/public/amsfonts/c
mextra/cmmib8.pfb><C:/Program Files/MiKTeX 2.9/fonts/type1/public/amsfonts/cm/c
mr10.pfb><C:/Program Files/MiKTeX 2.9/fonts/type1/public/amsfonts/cm/cmr12.pfb>
<C:/Program Files/MiKTeX 2.9/fonts/type1/public/amsfonts/cm/cmr17.pfb><C:/Progr
am Files/MiKTeX 2.9/fonts/type1/public/amsfonts/cm/cmr5.pfb><C:/Program Files/M
iKTeX 2.9/fonts/type1/public/amsfonts/cm/cmr6.pfb><C:/Program Files/MiKTeX 2.9/
fonts/type1/public/amsfonts/cm/cmr7.pfb><C:/Program Files/MiKTeX 2.9/fonts/type
1/public/amsfonts/cm/cmr8.pfb><C:/Program Files/MiKTeX 2.9/fonts/type1/public/a
msfonts/cm/cmr9.pfb><C:/Program Files/MiKTeX 2.9/fonts/type1/public/amsfonts/cm
/cmsy10.pfb><C:/Program Files/MiKTeX 2.9/fonts/type1/public/amsfonts/cm/cmsy5.p
fb><C:/Program Files/MiKTeX 2.9/fonts/type1/public/amsfonts/cm/cmsy6.pfb><C:/Pr
ogram Files/MiKTeX 2.9/fonts/type1/public/amsfonts/cm/cmsy7.pfb><C:/Program Fil
es/MiKTeX 2.9/fonts/type1/public/amsfonts/cm/cmsy8.pfb><C:/Program Files/MiKTeX
 2.9/fonts/type1/public/amsfonts/cm/cmsy9.pfb><C:/Program Files/MiKTeX 2.9/font
s/type1/public/amsfonts/cm/cmti12.pfb><C:/Program Files/MiKTeX 2.9/fonts/type1/
public/amsfonts/cm/cmtt10.pfb><C:/Program Files/MiKTeX 2.9/fonts/type1/public/a
msfonts/cm/cmtt12.pfb><C:/Users/zahnd/AppData/Roaming/MiKTeX/2.9/fonts/type1/pu
blic/doublestroke/dsrom10.pfb><C:/Users/zahnd/AppData/Roaming/MiKTeX/2.9/fonts/
type1/public/doublestroke/dsrom12.pfb><C:/Program Files/MiKTeX 2.9/fonts/type1/
public/amsfonts/symbols/msbm10.pfb>
Output written on thesis_main.pdf (149 pages, 13166123 bytes).
PDF statistics:
 4905 PDF objects out of 5155 (max. 8388607)
 555 named destinations out of 1000 (max. 500000)
 1242 words of extra memory for PDF output out of 10000 (max. 10000000)

